        -:    0:Source:/home/gabrielwolf/Documents/Extraclase-II/Testing-Server-Datos-II/test/googletest/src/gtest.cc
        -:    0:Graph:/home/gabrielwolf/Documents/Extraclase-II/Testing-Server-Datos-II/cmake-build-debug/test/googletest/CMakeFiles/gtest.dir/src/gtest-all.cc.gcno
        -:    0:Data:/home/gabrielwolf/Documents/Extraclase-II/Testing-Server-Datos-II/cmake-build-debug/test/googletest/CMakeFiles/gtest.dir/src/gtest-all.cc.gcda
        -:    0:Runs:1
        -:    1:// Copyright 2005, Google Inc.
        -:    2:// All rights reserved.
        -:    3://
        -:    4:// Redistribution and use in source and binary forms, with or without
        -:    5:// modification, are permitted provided that the following conditions are
        -:    6:// met:
        -:    7://
        -:    8://     * Redistributions of source code must retain the above copyright
        -:    9:// notice, this list of conditions and the following disclaimer.
        -:   10://     * Redistributions in binary form must reproduce the above
        -:   11:// copyright notice, this list of conditions and the following disclaimer
        -:   12:// in the documentation and/or other materials provided with the
        -:   13:// distribution.
        -:   14://     * Neither the name of Google Inc. nor the names of its
        -:   15:// contributors may be used to endorse or promote products derived from
        -:   16:// this software without specific prior written permission.
        -:   17://
        -:   18:// THIS SOFTWARE IS PROVIDED BY THE COPYRIGHT HOLDERS AND CONTRIBUTORS
        -:   19:// "AS IS" AND ANY EXPRESS OR IMPLIED WARRANTIES, INCLUDING, BUT NOT
        -:   20:// LIMITED TO, THE IMPLIED WARRANTIES OF MERCHANTABILITY AND FITNESS FOR
        -:   21:// A PARTICULAR PURPOSE ARE DISCLAIMED. IN NO EVENT SHALL THE COPYRIGHT
        -:   22:// OWNER OR CONTRIBUTORS BE LIABLE FOR ANY DIRECT, INDIRECT, INCIDENTAL,
        -:   23:// SPECIAL, EXEMPLARY, OR CONSEQUENTIAL DAMAGES (INCLUDING, BUT NOT
        -:   24:// LIMITED TO, PROCUREMENT OF SUBSTITUTE GOODS OR SERVICES; LOSS OF USE,
        -:   25:// DATA, OR PROFITS; OR BUSINESS INTERRUPTION) HOWEVER CAUSED AND ON ANY
        -:   26:// THEORY OF LIABILITY, WHETHER IN CONTRACT, STRICT LIABILITY, OR TORT
        -:   27:// (INCLUDING NEGLIGENCE OR OTHERWISE) ARISING IN ANY WAY OUT OF THE USE
        -:   28:// OF THIS SOFTWARE, EVEN IF ADVISED OF THE POSSIBILITY OF SUCH DAMAGE.
        -:   29:
        -:   30://
        -:   31:// The Google C++ Testing and Mocking Framework (Google Test)
        -:   32:
        -:   33:#include "gtest/gtest.h"
        -:   34:#include "gtest/internal/custom/gtest.h"
        -:   35:#include "gtest/gtest-spi.h"
        -:   36:
        -:   37:#include <ctype.h>
        -:   38:#include <stdarg.h>
        -:   39:#include <stdio.h>
        -:   40:#include <stdlib.h>
        -:   41:#include <time.h>
        -:   42:#include <wchar.h>
        -:   43:#include <wctype.h>
        -:   44:
        -:   45:#include <algorithm>
        -:   46:#include <chrono>  // NOLINT
        -:   47:#include <cmath>
        -:   48:#include <cstdint>
        -:   49:#include <iomanip>
        -:   50:#include <limits>
        -:   51:#include <list>
        -:   52:#include <map>
        -:   53:#include <ostream>  // NOLINT
        -:   54:#include <sstream>
        -:   55:#include <vector>
        -:   56:
        -:   57:#if GTEST_OS_LINUX
        -:   58:
        -:   59:# include <fcntl.h>  // NOLINT
        -:   60:# include <limits.h>  // NOLINT
        -:   61:# include <sched.h>  // NOLINT
        -:   62:// Declares vsnprintf().  This header is not available on Windows.
        -:   63:# include <strings.h>  // NOLINT
        -:   64:# include <sys/mman.h>  // NOLINT
        -:   65:# include <sys/time.h>  // NOLINT
        -:   66:# include <unistd.h>  // NOLINT
        -:   67:# include <string>
        -:   68:
        -:   69:#elif GTEST_OS_ZOS
        -:   70:# include <sys/time.h>  // NOLINT
        -:   71:
        -:   72:// On z/OS we additionally need strings.h for strcasecmp.
        -:   73:# include <strings.h>  // NOLINT
        -:   74:
        -:   75:#elif GTEST_OS_WINDOWS_MOBILE  // We are on Windows CE.
        -:   76:
        -:   77:# include <windows.h>  // NOLINT
        -:   78:# undef min
        -:   79:
        -:   80:#elif GTEST_OS_WINDOWS  // We are on Windows proper.
        -:   81:
        -:   82:# include <windows.h>  // NOLINT
        -:   83:# undef min
        -:   84:
        -:   85:#ifdef _MSC_VER
        -:   86:# include <crtdbg.h>  // NOLINT
        -:   87:#endif
        -:   88:
        -:   89:# include <io.h>  // NOLINT
        -:   90:# include <sys/timeb.h>  // NOLINT
        -:   91:# include <sys/types.h>  // NOLINT
        -:   92:# include <sys/stat.h>  // NOLINT
        -:   93:
        -:   94:# if GTEST_OS_WINDOWS_MINGW
        -:   95:#  include <sys/time.h>  // NOLINT
        -:   96:# endif  // GTEST_OS_WINDOWS_MINGW
        -:   97:
        -:   98:#else
        -:   99:
        -:  100:// cpplint thinks that the header is already included, so we want to
        -:  101:// silence it.
        -:  102:# include <sys/time.h>  // NOLINT
        -:  103:# include <unistd.h>  // NOLINT
        -:  104:
        -:  105:#endif  // GTEST_OS_LINUX
        -:  106:
        -:  107:#if GTEST_HAS_EXCEPTIONS
        -:  108:# include <stdexcept>
        -:  109:#endif
        -:  110:
        -:  111:#if GTEST_CAN_STREAM_RESULTS_
        -:  112:# include <arpa/inet.h>  // NOLINT
        -:  113:# include <netdb.h>  // NOLINT
        -:  114:# include <sys/socket.h>  // NOLINT
        -:  115:# include <sys/types.h>  // NOLINT
        -:  116:#endif
        -:  117:
        -:  118:#include "src/gtest-internal-inl.h"
        -:  119:
        -:  120:#if GTEST_OS_WINDOWS
        -:  121:# define vsnprintf _vsnprintf
        -:  122:#endif  // GTEST_OS_WINDOWS
        -:  123:
        -:  124:#if GTEST_OS_MAC
        -:  125:#ifndef GTEST_OS_IOS
        -:  126:#include <crt_externs.h>
        -:  127:#endif
        -:  128:#endif
        -:  129:
        -:  130:#if GTEST_HAS_ABSL
        -:  131:#include "absl/debugging/failure_signal_handler.h"
        -:  132:#include "absl/debugging/stacktrace.h"
        -:  133:#include "absl/debugging/symbolize.h"
        -:  134:#include "absl/strings/str_cat.h"
        -:  135:#endif  // GTEST_HAS_ABSL
        -:  136:
        -:  137:namespace testing {
        -:  138:
        -:  139:using internal::CountIf;
        -:  140:using internal::ForEach;
        -:  141:using internal::GetElementOr;
        -:  142:using internal::Shuffle;
        -:  143:
        -:  144:// Constants.
        -:  145:
        -:  146:// A test whose test suite name or test name matches this filter is
        -:  147:// disabled and not run.
        -:  148:static const char kDisableTestFilter[] = "DISABLED_*:*/DISABLED_*";
        -:  149:
        -:  150:// A test suite whose name matches this filter is considered a death
        -:  151:// test suite and will be run before test suites whose name doesn't
        -:  152:// match this filter.
        -:  153:static const char kDeathTestSuiteFilter[] = "*DeathTest:*DeathTest/*";
        -:  154:
        -:  155:// A test filter that matches everything.
        -:  156:static const char kUniversalFilter[] = "*";
        -:  157:
        -:  158:// The default output format.
        -:  159:static const char kDefaultOutputFormat[] = "xml";
        -:  160:// The default output file.
        -:  161:static const char kDefaultOutputFile[] = "test_detail";
        -:  162:
        -:  163:// The environment variable name for the test shard index.
        -:  164:static const char kTestShardIndex[] = "GTEST_SHARD_INDEX";
        -:  165:// The environment variable name for the total number of test shards.
        -:  166:static const char kTestTotalShards[] = "GTEST_TOTAL_SHARDS";
        -:  167:// The environment variable name for the test shard status file.
        -:  168:static const char kTestShardStatusFile[] = "GTEST_SHARD_STATUS_FILE";
        -:  169:
        -:  170:namespace internal {
        -:  171:
        -:  172:// The text used in failure messages to indicate the start of the
        -:  173:// stack trace.
        -:  174:const char kStackTraceMarker[] = "\nStack trace:\n";
        -:  175:
        -:  176:// g_help_flag is true if and only if the --help flag or an equivalent form
        -:  177:// is specified on the command line.
        -:  178:bool g_help_flag = false;
        -:  179:
        -:  180:// Utilty function to Open File for Writing
function _ZN7testing8internalL18OpenFileForWritingERKNSt7__cxx1112basic_stringIcSt11char_traitsIcESaIcEEE called 0 returned 0% blocks executed 0%
    #####:  181:static FILE* OpenFileForWriting(const std::string& output_file) {
    #####:  182:  FILE* fileout = nullptr;
    #####:  183:  FilePath output_file_path(output_file);
    %%%%%:  183-block  0
call    0 never executed
branch  1 never executed
branch  2 never executed
    #####:  184:  FilePath output_dir(output_file_path.RemoveFileName());
    %%%%%:  184-block  0
call    0 never executed
branch  1 never executed
branch  2 never executed
        -:  185:
    #####:  186:  if (output_dir.CreateDirectoriesRecursively()) {
    %%%%%:  186-block  0
call    0 never executed
branch  1 never executed
branch  2 never executed
    %%%%%:  186-block  1
branch  3 never executed
branch  4 never executed
    #####:  187:    fileout = posix::FOpen(output_file.c_str(), "w");
    %%%%%:  187-block  0
call    0 never executed
call    1 never executed
branch  2 never executed
branch  3 never executed
    %%%%%:  187-block  1
        -:  188:  }
    #####:  189:  if (fileout == nullptr) {
    %%%%%:  189-block  0
branch  0 never executed
branch  1 never executed
    #####:  190:    GTEST_LOG_(FATAL) << "Unable to open file \"" << output_file << "\"";
    %%%%%:  190-block  0
call    0 never executed
branch  1 never executed
branch  2 never executed
    %%%%%:  190-block  1
call    3 never executed
call    4 never executed
branch  5 never executed
branch  6 never executed
    %%%%%:  190-block  2
call    7 never executed
branch  8 never executed
branch  9 never executed
    %%%%%:  190-block  3
call   10 never executed
branch 11 never executed
branch 12 never executed
    %%%%%:  190-block  4
call   13 never executed
    $$$$$:  190-block  5
call   14 never executed
    $$$$$:  190-block  6
        -:  191:  }
    #####:  192:  return fileout;
    %%%%%:  192-block  0
    #####:  193:}
    %%%%%:  193-block  0
call    0 never executed
call    1 never executed
    $$$$$:  193-block  1
call    2 never executed
    $$$$$:  193-block  2
call    3 never executed
        -:  194:
        -:  195:}  // namespace internal
        -:  196:
        -:  197:// Bazel passes in the argument to '--test_filter' via the TESTBRIDGE_TEST_ONLY
        -:  198:// environment variable.
function _ZN7testingL16GetDefaultFilterEv called 1 returned 100% blocks executed 80%
        1:  199:static const char* GetDefaultFilter() {
        -:  200:  const char* const testbridge_test_only =
        1:  201:      internal::posix::GetEnv("TESTBRIDGE_TEST_ONLY");
        1:  201-block  0
call    0 returned 1
        1:  202:  if (testbridge_test_only != nullptr) {
branch  0 taken 0 (fallthrough)
branch  1 taken 1
    #####:  203:    return testbridge_test_only;
    %%%%%:  203-block  0
        -:  204:  }
        1:  205:  return kUniversalFilter;
        1:  205-block  0
        -:  206:}
        -:  207:
        -:  208:// Bazel passes in the argument to '--test_runner_fail_fast' via the
        -:  209:// TESTBRIDGE_TEST_RUNNER_FAIL_FAST environment variable.
function _ZN7testingL18GetDefaultFailFastEv called 1 returned 100% blocks executed 80%
        1:  210:static bool GetDefaultFailFast() {
        -:  211:  const char* const testbridge_test_runner_fail_fast =
        1:  212:      internal::posix::GetEnv("TESTBRIDGE_TEST_RUNNER_FAIL_FAST");
        1:  212-block  0
call    0 returned 1
        1:  213:  if (testbridge_test_runner_fail_fast != nullptr) {
branch  0 taken 0 (fallthrough)
branch  1 taken 1
    #####:  214:    return strcmp(testbridge_test_runner_fail_fast, "1") == 0;
    %%%%%:  214-block  0
        -:  215:  }
        1:  216:  return false;
        1:  216-block  0
        -:  217:}
        -:  218:
        -:  219:GTEST_DEFINE_bool_(
        -:  220:    fail_fast, internal::BoolFromGTestEnv("fail_fast", GetDefaultFailFast()),
        -:  221:    "True if and only if a test failure should stop further test execution.");
        -:  222:
        -:  223:GTEST_DEFINE_bool_(
        -:  224:    also_run_disabled_tests,
        -:  225:    internal::BoolFromGTestEnv("also_run_disabled_tests", false),
        -:  226:    "Run disabled tests too, in addition to the tests normally being run.");
        -:  227:
        -:  228:GTEST_DEFINE_bool_(
        -:  229:    break_on_failure, internal::BoolFromGTestEnv("break_on_failure", false),
        -:  230:    "True if and only if a failed assertion should be a debugger "
        -:  231:    "break-point.");
        -:  232:
        -:  233:GTEST_DEFINE_bool_(catch_exceptions,
        -:  234:                   internal::BoolFromGTestEnv("catch_exceptions", true),
        -:  235:                   "True if and only if " GTEST_NAME_
        -:  236:                   " should catch exceptions and treat them as test failures.");
        -:  237:
        -:  238:GTEST_DEFINE_string_(
        -:  239:    color,
        -:  240:    internal::StringFromGTestEnv("color", "auto"),
        -:  241:    "Whether to use colors in the output.  Valid values: yes, no, "
        -:  242:    "and auto.  'auto' means to use colors if the output is "
        -:  243:    "being sent to a terminal and the TERM environment variable "
        -:  244:    "is set to a terminal type that supports colors.");
        -:  245:
        -:  246:GTEST_DEFINE_string_(
        -:  247:    filter,
        -:  248:    internal::StringFromGTestEnv("filter", GetDefaultFilter()),
        -:  249:    "A colon-separated list of glob (not regex) patterns "
        -:  250:    "for filtering the tests to run, optionally followed by a "
        -:  251:    "'-' and a : separated list of negative patterns (tests to "
        -:  252:    "exclude).  A test is run if it matches one of the positive "
        -:  253:    "patterns and does not match any of the negative patterns.");
        -:  254:
        -:  255:GTEST_DEFINE_bool_(
        -:  256:    install_failure_signal_handler,
        -:  257:    internal::BoolFromGTestEnv("install_failure_signal_handler", false),
        -:  258:    "If true and supported on the current platform, " GTEST_NAME_ " should "
        -:  259:    "install a signal handler that dumps debugging information when fatal "
        -:  260:    "signals are raised.");
        -:  261:
        -:  262:GTEST_DEFINE_bool_(list_tests, false,
        -:  263:                   "List all tests without running them.");
        -:  264:
        -:  265:// The net priority order after flag processing is thus:
        -:  266://   --gtest_output command line flag
        -:  267://   GTEST_OUTPUT environment variable
        -:  268://   XML_OUTPUT_FILE environment variable
        -:  269://   ''
        -:  270:GTEST_DEFINE_string_(
        -:  271:    output,
        -:  272:    internal::StringFromGTestEnv("output",
        -:  273:      internal::OutputFlagAlsoCheckEnvVar().c_str()),
        -:  274:    "A format (defaults to \"xml\" but can be specified to be \"json\"), "
        -:  275:    "optionally followed by a colon and an output file name or directory. "
        -:  276:    "A directory is indicated by a trailing pathname separator. "
        -:  277:    "Examples: \"xml:filename.xml\", \"xml::directoryname/\". "
        -:  278:    "If a directory is specified, output files will be created "
        -:  279:    "within that directory, with file-names based on the test "
        -:  280:    "executable's name and, if necessary, made unique by adding "
        -:  281:    "digits.");
        -:  282:
        -:  283:GTEST_DEFINE_bool_(
        -:  284:    brief, internal::BoolFromGTestEnv("brief", false),
        -:  285:    "True if only test failures should be displayed in text output.");
        -:  286:
        -:  287:GTEST_DEFINE_bool_(print_time, internal::BoolFromGTestEnv("print_time", true),
        -:  288:                   "True if and only if " GTEST_NAME_
        -:  289:                   " should display elapsed time in text output.");
        -:  290:
        -:  291:GTEST_DEFINE_bool_(print_utf8, internal::BoolFromGTestEnv("print_utf8", true),
        -:  292:                   "True if and only if " GTEST_NAME_
        -:  293:                   " prints UTF8 characters as text.");
        -:  294:
        -:  295:GTEST_DEFINE_int32_(
        -:  296:    random_seed,
        -:  297:    internal::Int32FromGTestEnv("random_seed", 0),
        -:  298:    "Random number seed to use when shuffling test orders.  Must be in range "
        -:  299:    "[1, 99999], or 0 to use a seed based on the current time.");
        -:  300:
        -:  301:GTEST_DEFINE_int32_(
        -:  302:    repeat,
        -:  303:    internal::Int32FromGTestEnv("repeat", 1),
        -:  304:    "How many times to repeat each test.  Specify a negative number "
        -:  305:    "for repeating forever.  Useful for shaking out flaky tests.");
        -:  306:
        -:  307:GTEST_DEFINE_bool_(show_internal_stack_frames, false,
        -:  308:                   "True if and only if " GTEST_NAME_
        -:  309:                   " should include internal stack frames when "
        -:  310:                   "printing test failure stack traces.");
        -:  311:
        -:  312:GTEST_DEFINE_bool_(shuffle, internal::BoolFromGTestEnv("shuffle", false),
        -:  313:                   "True if and only if " GTEST_NAME_
        -:  314:                   " should randomize tests' order on every run.");
        -:  315:
        -:  316:GTEST_DEFINE_int32_(
        -:  317:    stack_trace_depth,
        -:  318:    internal::Int32FromGTestEnv("stack_trace_depth", kMaxStackTraceDepth),
        -:  319:    "The maximum number of stack frames to print when an "
        -:  320:    "assertion fails.  The valid range is 0 through 100, inclusive.");
        -:  321:
        -:  322:GTEST_DEFINE_string_(
        -:  323:    stream_result_to,
        -:  324:    internal::StringFromGTestEnv("stream_result_to", ""),
        -:  325:    "This flag specifies the host name and the port number on which to stream "
        -:  326:    "test results. Example: \"localhost:555\". The flag is effective only on "
        -:  327:    "Linux.");
        -:  328:
        -:  329:GTEST_DEFINE_bool_(
        -:  330:    throw_on_failure,
        -:  331:    internal::BoolFromGTestEnv("throw_on_failure", false),
        -:  332:    "When this flag is specified, a failed assertion will throw an exception "
        -:  333:    "if exceptions are enabled or exit the program with a non-zero code "
        -:  334:    "otherwise. For use with an external test framework.");
        -:  335:
        -:  336:#if GTEST_USE_OWN_FLAGFILE_FLAG_
        -:  337:GTEST_DEFINE_string_(
        -:  338:    flagfile,
        -:  339:    internal::StringFromGTestEnv("flagfile", ""),
        -:  340:    "This flag specifies the flagfile to read command-line flags from.");
        -:  341:#endif  // GTEST_USE_OWN_FLAGFILE_FLAG_
        -:  342:
        -:  343:namespace internal {
        -:  344:
        -:  345:// Generates a random number from [0, range), using a Linear
        -:  346:// Congruential Generator (LCG).  Crashes if 'range' is 0 or greater
        -:  347:// than kMaxRange.
function _ZN7testing8internal6Random8GenerateEj called 0 returned 0% blocks executed 0%
    #####:  348:uint32_t Random::Generate(uint32_t range) {
        -:  349:  // These constants are the same as are used in glibc's rand(3).
        -:  350:  // Use wider types than necessary to prevent unsigned overflow diagnostics.
    #####:  351:  state_ = static_cast<uint32_t>(1103515245ULL*state_ + 12345U) % kMaxRange;
        -:  352:
    #####:  353:  GTEST_CHECK_(range > 0)
    %%%%%:  353-block  0
call    0 never executed
branch  1 never executed
branch  2 never executed
    %%%%%:  353-block  1
call    3 never executed
call    4 never executed
    %%%%%:  353-block  2
call    5 never executed
    $$$$$:  353-block  3
call    6 never executed
    $$$$$:  353-block  4
call    7 never executed
    #####:  354:      << "Cannot generate a number in the range [0, 0).";
call    0 never executed
branch  1 never executed
branch  2 never executed
    %%%%%:  354-block  0
call    3 never executed
branch  4 never executed
branch  5 never executed
    #####:  355:  GTEST_CHECK_(range <= kMaxRange)
    %%%%%:  355-block  0
call    0 never executed
branch  1 never executed
branch  2 never executed
    %%%%%:  355-block  1
call    3 never executed
call    4 never executed
    %%%%%:  355-block  2
call    5 never executed
    $$$$$:  355-block  3
call    6 never executed
    #####:  356:      << "Generation of a number in [0, " << range << ") was requested, "
call    0 never executed
branch  1 never executed
branch  2 never executed
    %%%%%:  356-block  0
call    3 never executed
branch  4 never executed
branch  5 never executed
    %%%%%:  356-block  1
call    6 never executed
branch  7 never executed
branch  8 never executed
    #####:  357:      << "but this can only generate numbers in [0, " << kMaxRange << ").";
    %%%%%:  357-block  0
call    0 never executed
branch  1 never executed
branch  2 never executed
    %%%%%:  357-block  1
call    3 never executed
branch  4 never executed
branch  5 never executed
    %%%%%:  357-block  2
call    6 never executed
branch  7 never executed
branch  8 never executed
    %%%%%:  357-block  3
call    9 never executed
branch 10 never executed
branch 11 never executed
        -:  358:
        -:  359:  // Converting via modulus introduces a bit of downward bias, but
        -:  360:  // it's simple, and a linear congruential generator isn't too good
        -:  361:  // to begin with.
    #####:  362:  return state_ % range;
    %%%%%:  362-block  0
    %%%%%:  362-block  1
        -:  363:}
        -:  364:
        -:  365:// GTestIsInitialized() returns true if and only if the user has initialized
        -:  366:// Google Test.  Useful for catching the user mistake of not initializing
        -:  367:// Google Test before calling RUN_ALL_TESTS().
function _ZN7testing8internalL18GTestIsInitializedEv called 2 returned 100% blocks executed 100%
        2:  368:static bool GTestIsInitialized() { return GetArgvs().size() > 0; }
        2:  368-block  0
call    0 returned 2
call    1 returned 2
call    2 returned 2
        -:  369:
        -:  370:// Iterates over a vector of TestSuites, keeping a running sum of the
        -:  371:// results of calling a given int-returning method on each.
        -:  372:// Returns the sum.
function _ZN7testing8internalL20SumOverTestSuiteListERKSt6vectorIPNS_9TestSuiteESaIS3_EEMS2_KFivE called 5 returned 100% blocks executed 91%
        5:  373:static int SumOverTestSuiteList(const std::vector<TestSuite*>& case_list,
        -:  374:                                int (TestSuite::*method)() const) {
        5:  375:  int sum = 0;
       20:  376:  for (size_t i = 0; i < case_list.size(); i++) {
        5:  376-block  0
       20:  376-block  1
call    0 returned 20
branch  1 taken 15
branch  2 taken 5 (fallthrough)
      15*:  377:    sum += (case_list[i]->*method)();
       15:  377-block  0
call    0 returned 15
branch  1 taken 0 (fallthrough)
branch  2 taken 15
    %%%%%:  377-block  1
       15:  377-block  2
       15:  377-block  3
call    3 returned 15
        -:  378:  }
        5:  379:  return sum;
        5:  379-block  0
        -:  380:}
        -:  381:
        -:  382:// Returns true if and only if the test suite passed.
function _ZN7testing8internalL15TestSuitePassedEPKNS_9TestSuiteE called 0 returned 0% blocks executed 0%
    #####:  383:static bool TestSuitePassed(const TestSuite* test_suite) {
    #####:  384:  return test_suite->should_run() && test_suite->Passed();
    %%%%%:  384-block  0
call    0 never executed
branch  1 never executed
branch  2 never executed
    %%%%%:  384-block  1
call    3 never executed
branch  4 never executed
branch  5 never executed
    %%%%%:  384-block  2
    %%%%%:  384-block  3
    %%%%%:  384-block  4
        -:  385:}
        -:  386:
        -:  387:// Returns true if and only if the test suite failed.
function _ZN7testing8internalL15TestSuiteFailedEPKNS_9TestSuiteE called 6 returned 100% blocks executed 88%
        6:  388:static bool TestSuiteFailed(const TestSuite* test_suite) {
       6*:  389:  return test_suite->should_run() && test_suite->Failed();
        6:  389-block  0
call    0 returned 6
branch  1 taken 6 (fallthrough)
branch  2 taken 0
        6:  389-block  1
call    3 returned 6
branch  4 taken 0 (fallthrough)
branch  5 taken 6
    %%%%%:  389-block  2
        6:  389-block  3
        6:  389-block  4
        -:  390:}
        -:  391:
        -:  392:// Returns true if and only if test_suite contains at least one test that
        -:  393:// should run.
function _ZN7testing8internalL18ShouldRunTestSuiteEPKNS_9TestSuiteE called 6 returned 100% blocks executed 100%
        6:  394:static bool ShouldRunTestSuite(const TestSuite* test_suite) {
        6:  395:  return test_suite->should_run();
        6:  395-block  0
call    0 returned 6
        -:  396:}
        -:  397:
        -:  398:// AssertHelper constructor.
function _ZN7testing8internal12AssertHelperC2ENS_14TestPartResult4TypeEPKciS5_ called 0 returned 0% blocks executed 0%
    #####:  399:AssertHelper::AssertHelper(TestPartResult::Type type,
        -:  400:                           const char* file,
        -:  401:                           int line,
    #####:  402:                           const char* message)
    #####:  403:    : data_(new AssertHelperData(type, file, line, message)) {
    %%%%%:  403-block  0
call    0 never executed
call    1 never executed
branch  2 never executed
branch  3 never executed
    $$$$$:  403-block  1
call    4 never executed
    #####:  404:}
    %%%%%:  404-block  0
        -:  405:
function _ZN7testing8internal12AssertHelperD2Ev called 0 returned 0% blocks executed 0%
    #####:  406:AssertHelper::~AssertHelper() {
    #####:  407:  delete data_;
    %%%%%:  407-block  0
branch  0 never executed
branch  1 never executed
    %%%%%:  407-block  1
call    2 never executed
call    3 never executed
    #####:  408:}
        -:  409:
        -:  410:// Message assignment, for assertion streaming support.
function _ZNK7testing8internal12AssertHelperaSERKNS_7MessageE called 0 returned 0% blocks executed 0%
    #####:  411:void AssertHelper::operator=(const Message& message) const {
        -:  412:  UnitTest::GetInstance()->
    #####:  413:    AddTestPartResult(data_->type, data_->file, data_->line,
    %%%%%:  413-block  0
call    0 never executed
    %%%%%:  413-block  1
call    1 never executed
branch  2 never executed
branch  3 never executed
    #####:  414:                      AppendUserMessage(data_->message, message),
call    0 never executed
branch  1 never executed
branch  2 never executed
    %%%%%:  414-block  0
call    3 never executed
    $$$$$:  414-block  1
call    4 never executed
    $$$$$:  414-block  2
        -:  415:                      UnitTest::GetInstance()->impl()
    #####:  416:                      ->CurrentOsStackTraceExceptTop(1)
call    0 never executed
call    1 never executed
call    2 never executed
call    3 never executed
    $$$$$:  416-block  0
call    4 never executed
        -:  417:                      // Skips the stack frame for this function itself.
        -:  418:                      );  // NOLINT
    #####:  419:}
        -:  420:
        -:  421:namespace {
        -:  422:
        -:  423:// When TEST_P is found without a matching INSTANTIATE_TEST_SUITE_P
        -:  424:// to creates test cases for it, a syntetic test case is
        -:  425:// inserted to report ether an error or a log message.
        -:  426://
        -:  427:// This configuration bit will likely be removed at some point.
        -:  428:constexpr bool kErrorOnUninstantiatedParameterizedTest = true;
        -:  429:constexpr bool kErrorOnUninstantiatedTypeParameterizedTest = true;
        -:  430:
        -:  431:// A test that fails at a given file/line location with a given message.
        -:  432:class FailureTest : public Test {
        -:  433: public:
function _ZN7testing8internal12_GLOBAL__N_111FailureTestC2ERKNS0_12CodeLocationENSt7__cxx1112basic_stringIcSt11char_traitsIcESaIcEEEb called 0 returned 0% blocks executed 0%
    #####:  434:  explicit FailureTest(const CodeLocation& loc, std::string error_message,
        -:  435:                       bool as_error)
    #####:  436:      : loc_(loc),
    #####:  437:        error_message_(std::move(error_message)),
    %%%%%:  437-block  0
call    0 never executed
call    1 never executed
    #####:  438:        as_error_(as_error) {}
    %%%%%:  438-block  0
call    0 never executed
call    1 never executed
branch  2 never executed
branch  3 never executed
    $$$$$:  438-block  1
call    4 never executed
        -:  439:
function _ZN7testing8internal12_GLOBAL__N_111FailureTest8TestBodyEv called 0 returned 0% blocks executed 0%
    #####:  440:  void TestBody() override {
    #####:  441:    if (as_error_) {
    %%%%%:  441-block  0
branch  0 never executed
branch  1 never executed
    #####:  442:      AssertHelper(TestPartResult::kNonFatalFailure, loc_.file.c_str(),
call    0 never executed
branch  1 never executed
branch  2 never executed
    %%%%%:  442-block  0
call    3 never executed
    $$$$$:  442-block  1
call    4 never executed
    $$$$$:  442-block  2
    #####:  443:                   loc_.line, "") = Message() << error_message_;
    %%%%%:  443-block  0
call    0 never executed
call    1 never executed
branch  2 never executed
branch  3 never executed
    %%%%%:  443-block  1
call    4 never executed
    %%%%%:  443-block  2
call    5 never executed
branch  6 never executed
branch  7 never executed
call    8 never executed
    $$$$$:  443-block  3
call    9 never executed
        -:  444:    } else {
    #####:  445:      std::cout << error_message_ << std::endl;
    %%%%%:  445-block  0
call    0 never executed
call    1 never executed
        -:  446:    }
    #####:  447:  }
    %%%%%:  447-block  0
        -:  448:
        -:  449: private:
        -:  450:  const CodeLocation loc_;
        -:  451:  const std::string error_message_;
        -:  452:  const bool as_error_;
        -:  453:};
        -:  454:
        -:  455:
        -:  456:}  // namespace
        -:  457:
function _ZN7testing8internal33GetIgnoredParameterizedTestSuitesB5cxx11Ev called 1 returned 100% blocks executed 100%
        1:  458:std::set<std::string>* GetIgnoredParameterizedTestSuites() {
        1:  459:  return UnitTest::GetInstance()->impl()->ignored_parameterized_test_suites();
        1:  459-block  0
call    0 returned 1
call    1 returned 1
call    2 returned 1
        -:  460:}
        -:  461:
        -:  462:// Add a given test_suit to the list of them allow to go un-instantiated.
function _ZN7testing8internal13MarkAsIgnoredC2EPKc called 0 returned 0% blocks executed 0%
    #####:  463:MarkAsIgnored::MarkAsIgnored(const char* test_suite) {
    #####:  464:  GetIgnoredParameterizedTestSuites()->insert(test_suite);
    %%%%%:  464-block  0
call    0 never executed
call    1 never executed
call    2 never executed
branch  3 never executed
branch  4 never executed
    %%%%%:  464-block  1
call    5 never executed
branch  6 never executed
branch  7 never executed
    %%%%%:  464-block  2
call    8 never executed
call    9 never executed
    $$$$$:  464-block  3
call   10 never executed
    $$$$$:  464-block  4
    $$$$$:  464-block  5
call   11 never executed
    #####:  465:}
        -:  466:
        -:  467:// If this parameterized test suite has no instantiations (and that
        -:  468:// has not been marked as okay), emit a test case reporting that.
function _ZN7testing8internal23InsertSyntheticTestCaseERKNSt7__cxx1112basic_stringIcSt11char_traitsIcESaIcEEENS0_12CodeLocationEb called 0 returned 0% blocks executed 0%
    #####:  469:void InsertSyntheticTestCase(const std::string& name, CodeLocation location,
        -:  470:                             bool has_test_p) {
    #####:  471:  const auto& ignored = *GetIgnoredParameterizedTestSuites();
    %%%%%:  471-block  0
call    0 never executed
branch  1 never executed
branch  2 never executed
    #####:  472:  if (ignored.find(name) != ignored.end()) return;
    %%%%%:  472-block  0
call    0 never executed
call    1 never executed
branch  2 never executed
branch  3 never executed
    %%%%%:  472-block  1
call    4 never executed
branch  5 never executed
branch  6 never executed
    %%%%%:  472-block  2
    $$$$$:  472-block  3
        -:  473:
    #####:  474:  const char kMissingInstantiation[] =  //
        -:  475:      " is defined via TEST_P, but never instantiated. None of the test cases "
        -:  476:      "will run. Either no INSTANTIATE_TEST_SUITE_P is provided or the only "
        -:  477:      "ones provided expand to nothing."
        -:  478:      "\n\n"
        -:  479:      "Ideally, TEST_P definitions should only ever be included as part of "
        -:  480:      "binaries that intend to use them. (As opposed to, for example, being "
        -:  481:      "placed in a library that may be linked in to get other utilities.)";
        -:  482:
    #####:  483:  const char kMissingTestCase[] =  //
        -:  484:      " is instantiated via INSTANTIATE_TEST_SUITE_P, but no tests are "
        -:  485:      "defined via TEST_P . No test cases will run."
        -:  486:      "\n\n"
        -:  487:      "Ideally, INSTANTIATE_TEST_SUITE_P should only ever be invoked from "
        -:  488:      "code that always depend on code that provides TEST_P. Failing to do "
        -:  489:      "so is often an indication of dead code, e.g. the last TEST_P was "
        -:  490:      "removed but the rest got left behind.";
        -:  491:
        -:  492:  std::string message =
    #####:  493:      "Parameterized test suite " + name +
    %%%%%:  493-block  0
branch  0 never executed
branch  1 never executed
    %%%%%:  493-block  1
    %%%%%:  493-block  2
    %%%%%:  493-block  3
call    2 never executed
branch  3 never executed
branch  4 never executed
    %%%%%:  493-block  4
call    5 never executed
branch  6 never executed
branch  7 never executed
call    8 never executed
    $$$$$:  493-block  5
    $$$$$:  493-block  6
    #####:  494:      (has_test_p ? kMissingInstantiation : kMissingTestCase) +
    %%%%%:  494-block  0
call    0 never executed
branch  1 never executed
branch  2 never executed
call    3 never executed
    $$$$$:  494-block  1
        -:  495:      "\n\n"
        -:  496:      "To suppress this error for this test suite, insert the following line "
        -:  497:      "(in a non-header) in the namespace it is defined in:"
        -:  498:      "\n\n"
    #####:  499:      "GTEST_ALLOW_UNINSTANTIATED_PARAMETERIZED_TEST(" + name + ");";
    %%%%%:  499-block  0
call    0 never executed
branch  1 never executed
branch  2 never executed
    %%%%%:  499-block  1
call    3 never executed
branch  4 never executed
branch  5 never executed
call    6 never executed
    $$$$$:  499-block  2
        -:  500:
    #####:  501:  std::string full_name = "UninstantiatedParameterizedTestSuite<" + name + ">";
call    0 never executed
branch  1 never executed
branch  2 never executed
    %%%%%:  501-block  0
call    3 never executed
branch  4 never executed
branch  5 never executed
    $$$$$:  501-block  1
    #####:  502:  RegisterTest(  //
call    0 never executed
branch  1 never executed
branch  2 never executed
    %%%%%:  502-block  0
call    3 never executed
branch  4 never executed
branch  5 never executed
    %%%%%:  502-block  1
call    6 never executed
call    7 never executed
call    8 never executed
branch  9 never executed
branch 10 never executed
    %%%%%:  502-block  2
call   11 never executed
    $$$$$:  502-block  3
call   12 never executed
    $$$$$:  502-block  4
        -:  503:      "GoogleTestVerification", full_name.c_str(),
        -:  504:      nullptr,  // No type parameter.
        -:  505:      nullptr,  // No value parameter.
function _ZZN7testing8internal23InsertSyntheticTestCaseERKNSt7__cxx1112basic_stringIcSt11char_traitsIcESaIcEEENS0_12CodeLocationEbENKUlvE_clEv called 0 returned 0% blocks executed 0%
    #####:  506:      location.file.c_str(), location.line, [message, location] {
    #####:  507:        return new FailureTest(location, message,
    #####:  508:                               kErrorOnUninstantiatedParameterizedTest);
    %%%%%:  508-block  0
call    0 never executed
call    1 never executed
branch  2 never executed
branch  3 never executed
    %%%%%:  508-block  1
call    4 never executed
branch  5 never executed
branch  6 never executed
    %%%%%:  508-block  2
call    7 never executed
    %%%%%:  508-block  3
    $$$$$:  508-block  4
call    8 never executed
    $$$$$:  508-block  5
call    9 never executed
        -:  509:      });
    #####:  510:}
call    0 never executed
call    1 never executed
    $$$$$:  510-block  0
call    2 never executed
    $$$$$:  510-block  1
call    3 never executed
        -:  511:
function _ZN7testing8internal34RegisterTypeParameterizedTestSuiteEPKcNS0_12CodeLocationE called 0 returned 0% blocks executed 0%
    #####:  512:void RegisterTypeParameterizedTestSuite(const char* test_suite_name,
        -:  513:                                        CodeLocation code_location) {
    #####:  514:  GetUnitTestImpl()->type_parameterized_test_registry().RegisterTestSuite(
    %%%%%:  514-block  0
call    0 never executed
call    1 never executed
call    2 never executed
call    3 never executed
branch  4 never executed
branch  5 never executed
    %%%%%:  514-block  1
call    6 never executed
    $$$$$:  514-block  2
call    7 never executed
        -:  515:      test_suite_name, code_location);
    #####:  516:}
        -:  517:
function _ZN7testing8internal47RegisterTypeParameterizedTestSuiteInstantiationEPKc called 0 returned 0% blocks executed 0%
    #####:  518:void RegisterTypeParameterizedTestSuiteInstantiation(const char* case_name) {
        -:  519:  GetUnitTestImpl()
    #####:  520:      ->type_parameterized_test_registry()
    %%%%%:  520-block  0
call    0 never executed
call    1 never executed
    #####:  521:      .RegisterInstantiation(case_name);
call    0 never executed
    #####:  522:}
        -:  523:
function _ZN7testing8internal34TypeParameterizedTestSuiteRegistry17RegisterTestSuiteEPKcNS0_12CodeLocationE called 0 returned 0% blocks executed 0%
    #####:  524:void TypeParameterizedTestSuiteRegistry::RegisterTestSuite(
        -:  525:    const char* test_suite_name, CodeLocation code_location) {
    #####:  526:  suites_.emplace(std::string(test_suite_name),
    %%%%%:  526-block  0
call    0 never executed
call    1 never executed
branch  2 never executed
branch  3 never executed
    %%%%%:  526-block  1
call    4 never executed
branch  5 never executed
branch  6 never executed
    %%%%%:  526-block  2
call    7 never executed
call    8 never executed
    $$$$$:  526-block  3
call    9 never executed
    $$$$$:  526-block  4
    $$$$$:  526-block  5
call   10 never executed
    $$$$$:  526-block  6
    #####:  527:                 TypeParameterizedTestSuiteInfo(code_location));
    %%%%%:  527-block  0
call    0 never executed
call    1 never executed
branch  2 never executed
branch  3 never executed
call    4 never executed
call    5 never executed
    $$$$$:  527-block  1
call    6 never executed
    $$$$$:  527-block  2
    $$$$$:  527-block  3
call    7 never executed
    #####:  528:}
        -:  529:
function _ZN7testing8internal34TypeParameterizedTestSuiteRegistry21RegisterInstantiationEPKc called 0 returned 0% blocks executed 0%
    #####:  530:void TypeParameterizedTestSuiteRegistry::RegisterInstantiation(
        -:  531:        const char* test_suite_name) {
    #####:  532:  auto it = suites_.find(std::string(test_suite_name));
    %%%%%:  532-block  0
call    0 never executed
call    1 never executed
branch  2 never executed
branch  3 never executed
    %%%%%:  532-block  1
call    4 never executed
branch  5 never executed
branch  6 never executed
    %%%%%:  532-block  2
call    7 never executed
call    8 never executed
    $$$$$:  532-block  3
call    9 never executed
    $$$$$:  532-block  4
    $$$$$:  532-block  5
call   10 never executed
    $$$$$:  532-block  6
    #####:  533:  if (it != suites_.end()) {
call    0 never executed
call    1 never executed
branch  2 never executed
branch  3 never executed
    #####:  534:    it->second.instantiated = true;
    %%%%%:  534-block  0
call    0 never executed
        -:  535:  } else {
    #####:  536:    GTEST_LOG_(ERROR) << "Unknown type parameterized test suit '"
    %%%%%:  536-block  0
call    0 never executed
branch  1 never executed
branch  2 never executed
    %%%%%:  536-block  1
call    3 never executed
    %%%%%:  536-block  2
call    4 never executed
    $$$$$:  536-block  3
call    5 never executed
    $$$$$:  536-block  4
    #####:  537:                      << test_suite_name << "'";
call    0 never executed
branch  1 never executed
branch  2 never executed
    %%%%%:  537-block  0
call    3 never executed
branch  4 never executed
branch  5 never executed
    %%%%%:  537-block  1
call    6 never executed
branch  7 never executed
branch  8 never executed
        -:  538:  }
    #####:  539:}
    %%%%%:  539-block  0
        -:  540:
function _ZN7testing8internal34TypeParameterizedTestSuiteRegistry22CheckForInstantiationsEv called 1 returned 100% blocks executed 12%
        1:  541:void TypeParameterizedTestSuiteRegistry::CheckForInstantiations() {
        1:  542:  const auto& ignored = *GetIgnoredParameterizedTestSuites();
        1:  542-block  0
call    0 returned 1
       1*:  543:  for (const auto& testcase : suites_) {
call    0 returned 1
call    1 returned 1
    %%%%%:  543-block  0
call    2 never executed
    %%%%%:  543-block  1
call    3 never executed
        1:  543-block  2
call    4 returned 1
branch  5 taken 0
branch  6 taken 1 (fallthrough)
    #####:  544:    if (testcase.second.instantiated) continue;
branch  0 never executed
branch  1 never executed
    %%%%%:  544-block  0
    %%%%%:  544-block  1
    #####:  545:    if (ignored.find(testcase.first) != ignored.end()) continue;
    %%%%%:  545-block  0
call    0 never executed
call    1 never executed
branch  2 never executed
branch  3 never executed
    %%%%%:  545-block  1
call    4 never executed
branch  5 never executed
branch  6 never executed
    %%%%%:  545-block  2
    $$$$$:  545-block  3
        -:  546:
        -:  547:    std::string message =
    #####:  548:        "Type parameterized test suite " + testcase.first +
    %%%%%:  548-block  0
call    0 never executed
branch  1 never executed
branch  2 never executed
call    3 never executed
    $$$$$:  548-block  1
    $$$$$:  548-block  2
        -:  549:        " is defined via REGISTER_TYPED_TEST_SUITE_P, but never instantiated "
        -:  550:        "via INSTANTIATE_TYPED_TEST_SUITE_P. None of the test cases will run."
        -:  551:        "\n\n"
        -:  552:        "Ideally, TYPED_TEST_P definitions should only ever be included as "
        -:  553:        "part of binaries that intend to use them. (As opposed to, for "
        -:  554:        "example, being placed in a library that may be linked in to get other "
        -:  555:        "utilities.)"
        -:  556:        "\n\n"
        -:  557:        "To suppress this error for this test suite, insert the following line "
        -:  558:        "(in a non-header) in the namespace it is defined in:"
        -:  559:        "\n\n"
    #####:  560:        "GTEST_ALLOW_UNINSTANTIATED_PARAMETERIZED_TEST(" +
    %%%%%:  560-block  0
call    0 never executed
branch  1 never executed
branch  2 never executed
call    3 never executed
    $$$$$:  560-block  1
    #####:  561:        testcase.first + ");";
    %%%%%:  561-block  0
call    0 never executed
branch  1 never executed
branch  2 never executed
    %%%%%:  561-block  1
call    3 never executed
branch  4 never executed
branch  5 never executed
        -:  562:
        -:  563:    std::string full_name =
    #####:  564:        "UninstantiatedTypeParameterizedTestSuite<" + testcase.first + ">";
call    0 never executed
branch  1 never executed
branch  2 never executed
    %%%%%:  564-block  0
call    3 never executed
branch  4 never executed
branch  5 never executed
    $$$$$:  564-block  1
    #####:  565:    RegisterTest(  //
call    0 never executed
branch  1 never executed
branch  2 never executed
    %%%%%:  565-block  0
call    3 never executed
branch  4 never executed
branch  5 never executed
call    6 never executed
call    7 never executed
branch  8 never executed
branch  9 never executed
    %%%%%:  565-block  1
call   10 never executed
    $$$$$:  565-block  2
call   11 never executed
    $$$$$:  565-block  3
        -:  566:        "GoogleTestVerification", full_name.c_str(),
        -:  567:        nullptr,  // No type parameter.
        -:  568:        nullptr,  // No value parameter.
        -:  569:        testcase.second.code_location.file.c_str(),
function _ZZN7testing8internal34TypeParameterizedTestSuiteRegistry22CheckForInstantiationsEvENKUlvE_clEv called 0 returned 0% blocks executed 0%
    #####:  570:        testcase.second.code_location.line, [message, testcase] {
    %%%%%:  570-block  0
call    0 never executed
    #####:  571:          return new FailureTest(testcase.second.code_location, message,
    #####:  572:                                 kErrorOnUninstantiatedTypeParameterizedTest);
    %%%%%:  572-block  0
call    0 never executed
call    1 never executed
branch  2 never executed
branch  3 never executed
    %%%%%:  572-block  1
call    4 never executed
branch  5 never executed
branch  6 never executed
    %%%%%:  572-block  2
call    7 never executed
    %%%%%:  572-block  3
    $$$$$:  572-block  4
call    8 never executed
    $$$$$:  572-block  5
call    9 never executed
        -:  573:        });
    #####:  574:  }
call    0 never executed
call    1 never executed
    $$$$$:  574-block  0
call    2 never executed
    $$$$$:  574-block  1
call    3 never executed
        1:  575:}
        1:  575-block  0
        -:  576:
        -:  577:// A copy of all command line arguments.  Set by InitGoogleTest().
        -:  578:static ::std::vector<std::string> g_argvs;
        -:  579:
function _ZN7testing8internal8GetArgvsB5cxx11Ev called 2 returned 100% blocks executed 100%
        2:  580:::std::vector<std::string> GetArgvs() {
        -:  581:#if defined(GTEST_CUSTOM_GET_ARGVS_)
        -:  582:  // GTEST_CUSTOM_GET_ARGVS_() may return a container of std::string or
        -:  583:  // ::string. This code converts it to the appropriate type.
        -:  584:  const auto& custom = GTEST_CUSTOM_GET_ARGVS_();
        -:  585:  return ::std::vector<std::string>(custom.begin(), custom.end());
        -:  586:#else   // defined(GTEST_CUSTOM_GET_ARGVS_)
        2:  587:  return g_argvs;
        2:  587-block  0
call    0 returned 2
        -:  588:#endif  // defined(GTEST_CUSTOM_GET_ARGVS_)
        -:  589:}
        -:  590:
        -:  591:// Returns the current application's name, removing directory path if that
        -:  592:// is present.
function _ZN7testing8internal24GetCurrentExecutableNameEv called 0 returned 0% blocks executed 0%
    #####:  593:FilePath GetCurrentExecutableName() {
    #####:  594:  FilePath result;
    %%%%%:  594-block  0
call    0 never executed
branch  1 never executed
branch  2 never executed
        -:  595:
        -:  596:#if GTEST_OS_WINDOWS || GTEST_OS_OS2
        -:  597:  result.Set(FilePath(GetArgvs()[0]).RemoveExtension("exe"));
        -:  598:#else
    #####:  599:  result.Set(FilePath(GetArgvs()[0]));
    %%%%%:  599-block  0
call    0 never executed
branch  1 never executed
branch  2 never executed
    %%%%%:  599-block  1
call    3 never executed
call    4 never executed
branch  5 never executed
branch  6 never executed
    %%%%%:  599-block  2
call    7 never executed
branch  8 never executed
branch  9 never executed
    %%%%%:  599-block  3
call   10 never executed
call   11 never executed
    $$$$$:  599-block  4
call   12 never executed
    $$$$$:  599-block  5
    $$$$$:  599-block  6
call   13 never executed
    $$$$$:  599-block  7
        -:  600:#endif  // GTEST_OS_WINDOWS
        -:  601:
    #####:  602:  return result.RemoveDirectoryName();
call    0 never executed
branch  1 never executed
branch  2 never executed
    %%%%%:  602-block  0
    #####:  603:}
    %%%%%:  603-block  0
call    0 never executed
    $$$$$:  603-block  1
call    1 never executed
        -:  604:
        -:  605:// Functions for processing the gtest_output flag.
        -:  606:
        -:  607:// Returns the output format, or "" for normal printed output.
function _ZN7testing8internal15UnitTestOptions15GetOutputFormatB5cxx11Ev called 1 returned 100% blocks executed 50%
        1:  608:std::string UnitTestOptions::GetOutputFormat() {
        1:  609:  const char* const gtest_output_flag = GTEST_FLAG(output).c_str();
        1:  609-block  0
call    0 returned 1
        1:  610:  const char* const colon = strchr(gtest_output_flag, ':');
        -:  611:  return (colon == nullptr)
        -:  612:             ? std::string(gtest_output_flag)
        -:  613:             : std::string(gtest_output_flag,
       1*:  614:                           static_cast<size_t>(colon - gtest_output_flag));
branch  0 taken 1 (fallthrough)
branch  1 taken 0
        1:  614-block  0
call    2 returned 1
call    3 returned 1
branch  4 taken 1 (fallthrough)
branch  5 taken 0 (throw)
    %%%%%:  614-block  1
call    6 never executed
call    7 never executed
branch  8 never executed
branch  9 never executed
        1:  614-block  2
branch 10 taken 0 (fallthrough)
branch 11 taken 1
    %%%%%:  614-block  3
call   12 never executed
        1:  614-block  4
branch 13 taken 1 (fallthrough)
branch 14 taken 0
        1:  614-block  5
call   15 returned 1
        1:  614-block  6
        1:  614-block  7
    $$$$$:  614-block  8
branch 16 never executed
branch 17 never executed
    $$$$$:  614-block  9
call   18 never executed
    $$$$$:  614-block 10
    $$$$$:  614-block 11
branch 19 never executed
branch 20 never executed
    $$$$$:  614-block 12
call   21 never executed
        -:  615:}
        -:  616:
        -:  617:// Returns the name of the requested output file, or the default if none
        -:  618:// was explicitly specified.
function _ZN7testing8internal15UnitTestOptions27GetAbsolutePathToOutputFileB5cxx11Ev called 0 returned 0% blocks executed 0%
    #####:  619:std::string UnitTestOptions::GetAbsolutePathToOutputFile() {
    #####:  620:  const char* const gtest_output_flag = GTEST_FLAG(output).c_str();
    %%%%%:  620-block  0
call    0 never executed
        -:  621:
    #####:  622:  std::string format = GetOutputFormat();
call    0 never executed
branch  1 never executed
branch  2 never executed
    #####:  623:  if (format.empty())
    %%%%%:  623-block  0
call    0 never executed
branch  1 never executed
branch  2 never executed
    #####:  624:    format = std::string(kDefaultOutputFormat);
    %%%%%:  624-block  0
call    0 never executed
call    1 never executed
branch  2 never executed
branch  3 never executed
    %%%%%:  624-block  1
call    4 never executed
call    5 never executed
call    6 never executed
    $$$$$:  624-block  2
call    7 never executed
    $$$$$:  624-block  3
        -:  625:
    #####:  626:  const char* const colon = strchr(gtest_output_flag, ':');
    #####:  627:  if (colon == nullptr)
    %%%%%:  627-block  0
branch  0 never executed
branch  1 never executed
    #####:  628:    return internal::FilePath::MakeFileName(
    %%%%%:  628-block  0
call    0 never executed
    %%%%%:  628-block  1
call    1 never executed
branch  2 never executed
branch  3 never executed
    %%%%%:  628-block  2
call    4 never executed
    $$$$$:  628-block  3
call    5 never executed
    $$$$$:  628-block  4
    #####:  629:        internal::FilePath(
    %%%%%:  629-block  0
call    0 never executed
call    1 never executed
branch  2 never executed
branch  3 never executed
    %%%%%:  629-block  1
call    4 never executed
call    5 never executed
branch  6 never executed
branch  7 never executed
    %%%%%:  629-block  2
call    8 never executed
branch  9 never executed
branch 10 never executed
call   11 never executed
call   12 never executed
call   13 never executed
    $$$$$:  629-block  3
call   14 never executed
    $$$$$:  629-block  4
    $$$$$:  629-block  5
call   15 never executed
    $$$$$:  629-block  6
    $$$$$:  629-block  7
call   16 never executed
    $$$$$:  629-block  8
        -:  630:            UnitTest::GetInstance()->original_working_dir()),
    #####:  631:        internal::FilePath(kDefaultOutputFile), 0,
call    0 never executed
call    1 never executed
branch  2 never executed
branch  3 never executed
    %%%%%:  631-block  0
call    4 never executed
branch  5 never executed
branch  6 never executed
call    7 never executed
call    8 never executed
call    9 never executed
    $$$$$:  631-block  1
call   10 never executed
    $$$$$:  631-block  2
    $$$$$:  631-block  3
call   11 never executed
    $$$$$:  631-block  4
    $$$$$:  631-block  5
call   12 never executed
    $$$$$:  631-block  6
    #####:  632:        format.c_str()).string();
    %%%%%:  632-block  0
call    0 never executed
call    1 never executed
branch  2 never executed
branch  3 never executed
        -:  633:
    #####:  634:  internal::FilePath output_name(colon + 1);
    %%%%%:  634-block  0
call    0 never executed
call    1 never executed
branch  2 never executed
branch  3 never executed
    %%%%%:  634-block  1
call    4 never executed
branch  5 never executed
branch  6 never executed
call    7 never executed
    $$$$$:  634-block  2
    $$$$$:  634-block  3
    #####:  635:  if (!output_name.IsAbsolutePath())
call    0 never executed
branch  1 never executed
branch  2 never executed
    #####:  636:    output_name = internal::FilePath::ConcatPaths(
    %%%%%:  636-block  0
call    0 never executed
branch  1 never executed
branch  2 never executed
    %%%%%:  636-block  1
call    3 never executed
    $$$$$:  636-block  2
call    4 never executed
    $$$$$:  636-block  3
    #####:  637:        internal::FilePath(UnitTest::GetInstance()->original_working_dir()),
    %%%%%:  637-block  0
call    0 never executed
call    1 never executed
branch  2 never executed
branch  3 never executed
    %%%%%:  637-block  1
call    4 never executed
call    5 never executed
branch  6 never executed
branch  7 never executed
    %%%%%:  637-block  2
call    8 never executed
branch  9 never executed
branch 10 never executed
call   11 never executed
call   12 never executed
call   13 never executed
    $$$$$:  637-block  3
call   14 never executed
    $$$$$:  637-block  4
    $$$$$:  637-block  5
call   15 never executed
    $$$$$:  637-block  6
    $$$$$:  637-block  7
call   16 never executed
    $$$$$:  637-block  8
    #####:  638:        internal::FilePath(colon + 1));
    %%%%%:  638-block  0
call    0 never executed
call    1 never executed
branch  2 never executed
branch  3 never executed
    %%%%%:  638-block  1
call    4 never executed
branch  5 never executed
branch  6 never executed
    %%%%%:  638-block  2
call    7 never executed
branch  8 never executed
branch  9 never executed
call   10 never executed
call   11 never executed
call   12 never executed
    $$$$$:  638-block  3
call   13 never executed
    $$$$$:  638-block  4
    $$$$$:  638-block  5
call   14 never executed
    $$$$$:  638-block  6
    $$$$$:  638-block  7
call   15 never executed
    $$$$$:  638-block  8
        -:  639:
    #####:  640:  if (!output_name.IsDirectory())
    %%%%%:  640-block  0
call    0 never executed
branch  1 never executed
branch  2 never executed
    #####:  641:    return output_name.string();
    %%%%%:  641-block  0
call    0 never executed
call    1 never executed
branch  2 never executed
branch  3 never executed
        -:  642:
        -:  643:  internal::FilePath result(internal::FilePath::GenerateUniqueFileName(
    #####:  644:      output_name, internal::GetCurrentExecutableName(),
call    0 never executed
branch  1 never executed
branch  2 never executed
call    3 never executed
    $$$$$:  644-block  0
    #####:  645:      GetOutputFormat().c_str()));
    %%%%%:  645-block  0
call    0 never executed
branch  1 never executed
branch  2 never executed
    %%%%%:  645-block  1
call    3 never executed
    %%%%%:  645-block  2
call    4 never executed
branch  5 never executed
branch  6 never executed
    $$$$$:  645-block  3
    #####:  646:  return result.string();
call    0 never executed
call    1 never executed
branch  2 never executed
branch  3 never executed
    #####:  647:}
    %%%%%:  647-block  0
call    0 never executed
    %%%%%:  647-block  1
call    1 never executed
    %%%%%:  647-block  2
call    2 never executed
    $$$$$:  647-block  3
call    3 never executed
    $$$$$:  647-block  4
call    4 never executed
    $$$$$:  647-block  5
call    5 never executed
        -:  648:
        -:  649:// Returns true if and only if the wildcard pattern matches the string. Each
        -:  650:// pattern consists of regular characters, single-character wildcards (?), and
        -:  651:// multi-character wildcards (*).
        -:  652://
        -:  653:// This function implements a linear-time string globbing algorithm based on
        -:  654:// https://research.swtch.com/glob.
function _ZN7testing8internalL20PatternMatchesStringERKNSt7__cxx1112basic_stringIcSt11char_traitsIcESaIcEEEPKcSA_ called 24 returned 100% blocks executed 82%
       24:  655:static bool PatternMatchesString(const std::string& name_str,
        -:  656:                                 const char* pattern, const char* pattern_end) {
       24:  657:  const char* name = name_str.c_str();
       24:  657-block  0
call    0 returned 24
       24:  658:  const char* const name_begin = name;
       24:  659:  const char* const name_end = name + name_str.size();
call    0 returned 24
        -:  660:
       24:  661:  const char* pattern_next = pattern;
       24:  662:  const char* name_next = name;
        -:  663:
      537:  664:  while (pattern < pattern_end || name < name_end) {
      537:  664-block  0
branch  0 taken 456
branch  1 taken 81 (fallthrough)
       81:  664-block  1
branch  2 taken 78
branch  3 taken 3 (fallthrough)
      534:  665:    if (pattern < pattern_end) {
      534:  665-block  0
branch  0 taken 456 (fallthrough)
branch  1 taken 78
      456:  666:      switch (*pattern) {
      456:  666-block  0
branch  0 taken 192
branch  1 taken 0
branch  2 taken 264
      192:  667:        default:  // Match an ordinary character.
     192*:  668:          if (name < name_end && *name == *pattern) {
      192:  668-block  0
branch  0 taken 180 (fallthrough)
branch  1 taken 12
      180:  668-block  1
branch  2 taken 0 (fallthrough)
branch  3 taken 180
    #####:  669:            ++pattern;
    #####:  670:            ++name;
    #####:  671:            continue;
    %%%%%:  671-block  0
        -:  672:          }
      192:  673:          break;
      192:  673-block  0
    #####:  674:        case '?':  // Match any single character.
    #####:  675:          if (name < name_end) {
    %%%%%:  675-block  0
branch  0 never executed
branch  1 never executed
    #####:  676:            ++pattern;
    #####:  677:            ++name;
    #####:  678:            continue;
    %%%%%:  678-block  0
        -:  679:          }
    #####:  680:          break;
    %%%%%:  680-block  0
      264:  681:        case '*':
        -:  682:          // Match zero or more characters. Start by skipping over the wildcard
        -:  683:          // and matching zero characters from name. If that fails, restart and
        -:  684:          // match one more character than the last attempt.
      264:  685:          pattern_next = pattern;
      264:  686:          name_next = name + 1;
      264:  687:          ++pattern;
      264:  688:          continue;
      264:  688-block  0
        -:  689:      }
        -:  690:    }
        -:  691:    // Failed to match a character. Restart if possible.
      270:  692:    if (name_begin < name_next && name_next <= name_end) {
      270:  692-block  0
branch  0 taken 261 (fallthrough)
branch  1 taken 9
      261:  692-block  1
branch  2 taken 249 (fallthrough)
branch  3 taken 12
      249:  693:      pattern = pattern_next;
      249:  694:      name = name_next;
      249:  695:      continue;
      249:  695-block  0
        -:  696:    }
       21:  697:    return false;
       21:  697-block  0
        -:  698:  }
        3:  699:  return true;
        3:  699-block  0
        -:  700:}
        -:  701:
function _ZN7testing8internal15UnitTestOptions13MatchesFilterERKNSt7__cxx1112basic_stringIcSt11char_traitsIcESaIcEEEPKc called 15 returned 100% blocks executed 100%
       15:  702:bool UnitTestOptions::MatchesFilter(const std::string& name_str,
        -:  703:                                    const char* filter) {
        -:  704:  // The filter is a list of patterns separated by colons (:).
       15:  705:  const char* pattern = filter;
       15:  705-block  0
        -:  706:  while (true) {
        -:  707:    // Find the bounds of this pattern.
       24:  708:    const char* const next_sep = strchr(pattern, ':');
       24:  709:    const char* const pattern_end =
       24:  710:        next_sep != nullptr ? next_sep : pattern + strlen(pattern);
       24:  710-block  0
branch  0 taken 15 (fallthrough)
branch  1 taken 9
       15:  710-block  1
        9:  710-block  2
        -:  711:
        -:  712:    // Check if this pattern matches name_str.
       24:  713:    if (PatternMatchesString(name_str, pattern, pattern_end)) {
       24:  713-block  0
call    0 returned 24
branch  1 taken 3 (fallthrough)
branch  2 taken 21
        3:  714:      return true;
        3:  714-block  0
        -:  715:    }
        -:  716:
        -:  717:    // Give up on this pattern. However, if we found a pattern separator (:),
        -:  718:    // advance to the next pattern (skipping over the separator) and restart.
       21:  719:    if (next_sep == nullptr) {
       21:  719-block  0
branch  0 taken 12 (fallthrough)
branch  1 taken 9
       12:  720:      return false;
       12:  720-block  0
        -:  721:    }
        9:  722:    pattern = next_sep + 1;
        9:  723:  }
        9:  723-block  0
        -:  724:  return true;
        -:  725:}
        -:  726:
        -:  727:// Returns true if and only if the user-specified filter matches the test
        -:  728:// suite name and the test name.
function _ZN7testing8internal15UnitTestOptions17FilterMatchesTestERKNSt7__cxx1112basic_stringIcSt11char_traitsIcESaIcEEES9_ called 3 returned 100% blocks executed 45%
        3:  729:bool UnitTestOptions::FilterMatchesTest(const std::string& test_suite_name,
        -:  730:                                        const std::string& test_name) {
        3:  731:  const std::string& full_name = test_suite_name + "." + test_name.c_str();
        3:  731-block  0
call    0 returned 3
call    1 returned 3
branch  2 taken 3 (fallthrough)
branch  3 taken 0 (throw)
        3:  731-block  1
call    4 returned 3
branch  5 taken 3 (fallthrough)
branch  6 taken 0 (throw)
        3:  731-block  2
call    7 returned 3
    $$$$$:  731-block  3
call    8 never executed
    $$$$$:  731-block  4
        -:  732:
        -:  733:  // Split --gtest_filter at '-', if there is one, to separate into
        -:  734:  // positive filter and negative filter portions
        3:  735:  const char* const p = GTEST_FLAG(filter).c_str();
call    0 returned 3
        3:  736:  const char* const dash = strchr(p, '-');
        3:  737:  std::string positive;
call    0 returned 3
        3:  738:  std::string negative;
call    0 returned 3
        3:  739:  if (dash == nullptr) {
branch  0 taken 3 (fallthrough)
branch  1 taken 0
        3:  740:    positive = GTEST_FLAG(filter).c_str();  // Whole string is a positive filter
        3:  740-block  0
call    0 returned 3
call    1 returned 3
branch  2 taken 3 (fallthrough)
branch  3 taken 0 (throw)
        3:  741:    negative = "";
        3:  741-block  0
call    0 returned 3
branch  1 taken 3 (fallthrough)
branch  2 taken 0 (throw)
        -:  742:  } else {
    #####:  743:    positive = std::string(p, dash);   // Everything up to the dash
    %%%%%:  743-block  0
call    0 never executed
call    1 never executed
branch  2 never executed
branch  3 never executed
    %%%%%:  743-block  1
call    4 never executed
call    5 never executed
call    6 never executed
    $$$$$:  743-block  2
call    7 never executed
    $$$$$:  743-block  3
    #####:  744:    negative = std::string(dash + 1);  // Everything after the dash
call    0 never executed
call    1 never executed
branch  2 never executed
branch  3 never executed
    %%%%%:  744-block  0
call    4 never executed
call    5 never executed
call    6 never executed
    $$$$$:  744-block  1
call    7 never executed
    $$$$$:  744-block  2
    #####:  745:    if (positive.empty()) {
call    0 never executed
branch  1 never executed
branch  2 never executed
        -:  746:      // Treat '-test1' as the same as '*-test1'
    #####:  747:      positive = kUniversalFilter;
    %%%%%:  747-block  0
call    0 never executed
branch  1 never executed
branch  2 never executed
        -:  748:    }
        -:  749:  }
        -:  750:
        -:  751:  // A filter is a colon-separated list of patterns.  It matches a
        -:  752:  // test if any pattern in it matches the test.
       6*:  753:  return (MatchesFilter(full_name, positive.c_str()) &&
        3:  753-block  0
call    0 returned 3
call    1 returned 3
branch  2 taken 3 (fallthrough)
branch  3 taken 0
        3:  753-block  1
    %%%%%:  753-block  2
        6:  754:          !MatchesFilter(full_name, negative.c_str()));
        3:  754-block  0
call    0 returned 3
call    1 returned 3
branch  2 taken 3 (fallthrough)
branch  3 taken 0
        3:  754-block  1
        3:  755:}
        3:  755-block  0
call    0 returned 3
call    1 returned 3
call    2 returned 3
    $$$$$:  755-block  1
call    3 never executed
    $$$$$:  755-block  2
call    4 never executed
    $$$$$:  755-block  3
call    5 never executed
        -:  756:
        -:  757:#if GTEST_HAS_SEH
        -:  758:// Returns EXCEPTION_EXECUTE_HANDLER if Google Test should handle the
        -:  759:// given SEH exception, or EXCEPTION_CONTINUE_SEARCH otherwise.
        -:  760:// This function is useful as an __except condition.
        -:  761:int UnitTestOptions::GTestShouldProcessSEH(DWORD exception_code) {
        -:  762:  // Google Test should handle a SEH exception if:
        -:  763:  //   1. the user wants it to, AND
        -:  764:  //   2. this is not a breakpoint exception, AND
        -:  765:  //   3. this is not a C++ exception (VC++ implements them via SEH,
        -:  766:  //      apparently).
        -:  767:  //
        -:  768:  // SEH exception code for C++ exceptions.
        -:  769:  // (see http://support.microsoft.com/kb/185294 for more information).
        -:  770:  const DWORD kCxxExceptionCode = 0xe06d7363;
        -:  771:
        -:  772:  bool should_handle = true;
        -:  773:
        -:  774:  if (!GTEST_FLAG(catch_exceptions))
        -:  775:    should_handle = false;
        -:  776:  else if (exception_code == EXCEPTION_BREAKPOINT)
        -:  777:    should_handle = false;
        -:  778:  else if (exception_code == kCxxExceptionCode)
        -:  779:    should_handle = false;
        -:  780:
        -:  781:  return should_handle ? EXCEPTION_EXECUTE_HANDLER : EXCEPTION_CONTINUE_SEARCH;
        -:  782:}
        -:  783:#endif  // GTEST_HAS_SEH
        -:  784:
        -:  785:}  // namespace internal
        -:  786:
        -:  787:// The c'tor sets this object as the test part result reporter used by
        -:  788:// Google Test.  The 'result' parameter specifies where to report the
        -:  789:// results. Intercepts only failures from the current thread.
function _ZN7testing32ScopedFakeTestPartResultReporterC2EPNS_19TestPartResultArrayE called 0 returned 0% blocks executed 0%
    #####:  790:ScopedFakeTestPartResultReporter::ScopedFakeTestPartResultReporter(
    #####:  791:    TestPartResultArray* result)
    #####:  792:    : intercept_mode_(INTERCEPT_ONLY_CURRENT_THREAD),
    #####:  793:      result_(result) {
    %%%%%:  793-block  0
call    0 never executed
    #####:  794:  Init();
call    0 never executed
branch  1 never executed
branch  2 never executed
    #####:  795:}
    %%%%%:  795-block  0
    $$$$$:  795-block  1
call    0 never executed
        -:  796:
        -:  797:// The c'tor sets this object as the test part result reporter used by
        -:  798:// Google Test.  The 'result' parameter specifies where to report the
        -:  799:// results.
function _ZN7testing32ScopedFakeTestPartResultReporterC2ENS0_13InterceptModeEPNS_19TestPartResultArrayE called 0 returned 0% blocks executed 0%
    #####:  800:ScopedFakeTestPartResultReporter::ScopedFakeTestPartResultReporter(
    #####:  801:    InterceptMode intercept_mode, TestPartResultArray* result)
    #####:  802:    : intercept_mode_(intercept_mode),
    #####:  803:      result_(result) {
    %%%%%:  803-block  0
call    0 never executed
    #####:  804:  Init();
call    0 never executed
branch  1 never executed
branch  2 never executed
    #####:  805:}
    %%%%%:  805-block  0
    $$$$$:  805-block  1
call    0 never executed
        -:  806:
function _ZN7testing32ScopedFakeTestPartResultReporter4InitEv called 0 returned 0% blocks executed 0%
    #####:  807:void ScopedFakeTestPartResultReporter::Init() {
    #####:  808:  internal::UnitTestImpl* const impl = internal::GetUnitTestImpl();
    %%%%%:  808-block  0
call    0 never executed
    #####:  809:  if (intercept_mode_ == INTERCEPT_ALL_THREADS) {
branch  0 never executed
branch  1 never executed
    #####:  810:    old_reporter_ = impl->GetGlobalTestPartResultReporter();
    %%%%%:  810-block  0
call    0 never executed
    #####:  811:    impl->SetGlobalTestPartResultReporter(this);
call    0 never executed
        -:  812:  } else {
    #####:  813:    old_reporter_ = impl->GetTestPartResultReporterForCurrentThread();
    %%%%%:  813-block  0
call    0 never executed
    #####:  814:    impl->SetTestPartResultReporterForCurrentThread(this);
call    0 never executed
        -:  815:  }
    #####:  816:}
        -:  817:
        -:  818:// The d'tor restores the test part result reporter used by Google Test
        -:  819:// before.
    #####:  820:ScopedFakeTestPartResultReporter::~ScopedFakeTestPartResultReporter() {
    #####:  821:  internal::UnitTestImpl* const impl = internal::GetUnitTestImpl();
    #####:  822:  if (intercept_mode_ == INTERCEPT_ALL_THREADS) {
    #####:  823:    impl->SetGlobalTestPartResultReporter(old_reporter_);
        -:  824:  } else {
    #####:  825:    impl->SetTestPartResultReporterForCurrentThread(old_reporter_);
        -:  826:  }
    #####:  827:}
------------------
_ZN7testing32ScopedFakeTestPartResultReporterD0Ev:
function _ZN7testing32ScopedFakeTestPartResultReporterD0Ev called 0 returned 0% blocks executed 0%
    #####:  820:ScopedFakeTestPartResultReporter::~ScopedFakeTestPartResultReporter() {
        -:  821:  internal::UnitTestImpl* const impl = internal::GetUnitTestImpl();
        -:  822:  if (intercept_mode_ == INTERCEPT_ALL_THREADS) {
        -:  823:    impl->SetGlobalTestPartResultReporter(old_reporter_);
        -:  824:  } else {
        -:  825:    impl->SetTestPartResultReporterForCurrentThread(old_reporter_);
        -:  826:  }
    #####:  827:}
    %%%%%:  827-block  0
call    0 never executed
call    1 never executed
------------------
_ZN7testing32ScopedFakeTestPartResultReporterD2Ev:
function _ZN7testing32ScopedFakeTestPartResultReporterD2Ev called 0 returned 0% blocks executed 0%
    #####:  820:ScopedFakeTestPartResultReporter::~ScopedFakeTestPartResultReporter() {
    #####:  821:  internal::UnitTestImpl* const impl = internal::GetUnitTestImpl();
    %%%%%:  821-block  0
call    0 never executed
    #####:  822:  if (intercept_mode_ == INTERCEPT_ALL_THREADS) {
branch  0 never executed
branch  1 never executed
    #####:  823:    impl->SetGlobalTestPartResultReporter(old_reporter_);
    %%%%%:  823-block  0
call    0 never executed
        -:  824:  } else {
    #####:  825:    impl->SetTestPartResultReporterForCurrentThread(old_reporter_);
    %%%%%:  825-block  0
call    0 never executed
        -:  826:  }
    #####:  827:}
    %%%%%:  827-block  0
call    0 never executed
------------------
        -:  828:
        -:  829:// Increments the test part result count and remembers the result.
        -:  830:// This method is from the TestPartResultReporterInterface interface.
function _ZN7testing32ScopedFakeTestPartResultReporter20ReportTestPartResultERKNS_14TestPartResultE called 0 returned 0% blocks executed 0%
    #####:  831:void ScopedFakeTestPartResultReporter::ReportTestPartResult(
        -:  832:    const TestPartResult& result) {
    #####:  833:  result_->Append(result);
    %%%%%:  833-block  0
call    0 never executed
    #####:  834:}
        -:  835:
        -:  836:namespace internal {
        -:  837:
        -:  838:// Returns the type ID of ::testing::Test.  We should always call this
        -:  839:// instead of GetTypeId< ::testing::Test>() to get the type ID of
        -:  840:// testing::Test.  This is to work around a suspected linker bug when
        -:  841:// using Google Test as a framework on Mac OS X.  The bug causes
        -:  842:// GetTypeId< ::testing::Test>() to return different values depending
        -:  843:// on whether the call is from the Google Test framework itself or
        -:  844:// from user test code.  GetTestTypeId() is guaranteed to always
        -:  845:// return the same value, as it always calls GetTypeId<>() from the
        -:  846:// gtest.cc, which is within the Google Test framework.
function _ZN7testing8internal13GetTestTypeIdEv called 4 returned 100% blocks executed 100%
        4:  847:TypeId GetTestTypeId() {
        4:  848:  return GetTypeId<Test>();
        4:  848-block  0
call    0 returned 4
        -:  849:}
        -:  850:
        -:  851:// The value of GetTestTypeId() as seen from within the Google Test
        -:  852:// library.  This is solely for testing GetTestTypeId().
        -:  853:extern const TypeId kTestTypeIdInGoogleTest = GetTestTypeId();
        -:  854:
        -:  855:// This predicate-formatter checks that 'results' contains a test part
        -:  856:// failure of the given type and that the failure message contains the
        -:  857:// given substring.
function _ZN7testing8internalL13HasOneFailureEPKcS2_S2_RKNS_19TestPartResultArrayENS_14TestPartResult4TypeERKNSt7__cxx1112basic_stringIcSt11char_traitsIcESaIcEEE called 0 returned 0% blocks executed 0%
    #####:  858:static AssertionResult HasOneFailure(const char* /* results_expr */,
        -:  859:                                     const char* /* type_expr */,
        -:  860:                                     const char* /* substr_expr */,
        -:  861:                                     const TestPartResultArray& results,
        -:  862:                                     TestPartResult::Type type,
        -:  863:                                     const std::string& substr) {
        -:  864:  const std::string expected(type == TestPartResult::kFatalFailure ?
        -:  865:                        "1 fatal failure" :
    #####:  866:                        "1 non-fatal failure");
    %%%%%:  866-block  0
call    0 never executed
branch  1 never executed
branch  2 never executed
    %%%%%:  866-block  1
    %%%%%:  866-block  2
    %%%%%:  866-block  3
call    3 never executed
branch  4 never executed
branch  5 never executed
    $$$$$:  866-block  4
    #####:  867:  Message msg;
call    0 never executed
branch  1 never executed
branch  2 never executed
    #####:  868:  if (results.size() != 1) {
    %%%%%:  868-block  0
call    0 never executed
branch  1 never executed
branch  2 never executed
    #####:  869:    msg << "Expected: " << expected << "\n"
    %%%%%:  869-block  0
call    0 never executed
branch  1 never executed
branch  2 never executed
    %%%%%:  869-block  1
call    3 never executed
branch  4 never executed
branch  5 never executed
    %%%%%:  869-block  2
call    6 never executed
branch  7 never executed
branch  8 never executed
    #####:  870:        << "  Actual: " << results.size() << " failures";
    %%%%%:  870-block  0
call    0 never executed
branch  1 never executed
branch  2 never executed
    %%%%%:  870-block  1
call    3 never executed
call    4 never executed
branch  5 never executed
branch  6 never executed
    %%%%%:  870-block  2
call    7 never executed
branch  8 never executed
branch  9 never executed
    $$$$$:  870-block  3
    #####:  871:    for (int i = 0; i < results.size(); i++) {
    %%%%%:  871-block  0
    %%%%%:  871-block  1
    %%%%%:  871-block  2
call    0 never executed
branch  1 never executed
branch  2 never executed
    #####:  872:      msg << "\n" << results.GetTestPartResult(i);
    %%%%%:  872-block  0
call    0 never executed
branch  1 never executed
branch  2 never executed
    %%%%%:  872-block  1
call    3 never executed
branch  4 never executed
branch  5 never executed
    %%%%%:  872-block  2
call    6 never executed
branch  7 never executed
branch  8 never executed
        -:  873:    }
    #####:  874:    return AssertionFailure() << msg;
    %%%%%:  874-block  0
call    0 never executed
branch  1 never executed
branch  2 never executed
    %%%%%:  874-block  1
call    3 never executed
branch  4 never executed
branch  5 never executed
    %%%%%:  874-block  2
call    6 never executed
branch  7 never executed
branch  8 never executed
    %%%%%:  874-block  3
call    9 never executed
    $$$$$:  874-block  4
call   10 never executed
    $$$$$:  874-block  5
        -:  875:  }
        -:  876:
    #####:  877:  const TestPartResult& r = results.GetTestPartResult(0);
    %%%%%:  877-block  0
call    0 never executed
branch  1 never executed
branch  2 never executed
    #####:  878:  if (r.type() != type) {
    %%%%%:  878-block  0
call    0 never executed
branch  1 never executed
branch  2 never executed
    #####:  879:    return AssertionFailure() << "Expected: " << expected << "\n"
    %%%%%:  879-block  0
call    0 never executed
branch  1 never executed
branch  2 never executed
    %%%%%:  879-block  1
[...]
branch  4 never executed
    #####: 6565:      remove_flag = true;
    %%%%%: 6565-block  0
        -: 6566:#if GTEST_USE_OWN_FLAGFILE_FLAG_
    #####: 6567:    } else if (ParseStringFlag(arg, kFlagfileFlag, &GTEST_FLAG(flagfile))) {
    %%%%%: 6567-block  0
call    0 never executed
branch  1 never executed
branch  2 never executed
    %%%%%: 6567-block  1
branch  3 never executed
branch  4 never executed
    #####: 6568:      LoadFlagsFromFile(GTEST_FLAG(flagfile));
    %%%%%: 6568-block  0
call    0 never executed
branch  1 never executed
branch  2 never executed
    #####: 6569:      remove_flag = true;
    %%%%%: 6569-block  0
        -: 6570:#endif  // GTEST_USE_OWN_FLAGFILE_FLAG_
    #####: 6571:    } else if (arg_string == "--help" || arg_string == "-h" ||
    %%%%%: 6571-block  0
call    0 never executed
    %%%%%: 6571-block  1
call    1 never executed
branch  2 never executed
branch  3 never executed
branch  4 never executed
branch  5 never executed
    #####: 6572:               arg_string == "-?" || arg_string == "/?" ||
branch  0 never executed
branch  1 never executed
    %%%%%: 6572-block  0
call    2 never executed
    %%%%%: 6572-block  1
call    3 never executed
branch  4 never executed
branch  5 never executed
branch  6 never executed
branch  7 never executed
    %%%%%: 6572-block  2
    %%%%%: 6572-block  3
    %%%%%: 6572-block  4
branch  8 never executed
branch  9 never executed
    #####: 6573:               HasGoogleTestFlagPrefix(arg)) {
    %%%%%: 6573-block  0
call    0 never executed
        -: 6574:      // Both help flag and unrecognized Google Test flags (excluding
        -: 6575:      // internal ones) trigger help display.
    #####: 6576:      g_help_flag = true;
    %%%%%: 6576-block  0
        -: 6577:    }
        -: 6578:
    #####: 6579:    if (remove_flag) {
    %%%%%: 6579-block  0
branch  0 never executed
branch  1 never executed
        -: 6580:      // Shift the remainder of the argv list left by one.  Note
        -: 6581:      // that argv has (*argc + 1) elements, the last one always being
        -: 6582:      // NULL.  The following loop moves the trailing NULL element as
        -: 6583:      // well.
    #####: 6584:      for (int j = i; j != *argc; j++) {
    %%%%%: 6584-block  0
    %%%%%: 6584-block  1
branch  0 never executed
branch  1 never executed
    #####: 6585:        argv[j] = argv[j + 1];
    %%%%%: 6585-block  0
        -: 6586:      }
        -: 6587:
        -: 6588:      // Decrements the argument count.
    #####: 6589:      (*argc)--;
        -: 6590:
        -: 6591:      // We also need to decrement the iterator as we just removed
        -: 6592:      // an element.
    #####: 6593:      i--;
    %%%%%: 6593-block  0
        -: 6594:    }
        -: 6595:  }
        -: 6596:
    #####: 6597:  if (g_help_flag) {
    %%%%%: 6597-block  0
branch  0 never executed
branch  1 never executed
        -: 6598:    // We print the help here instead of in RUN_ALL_TESTS(), as the
        -: 6599:    // latter may not be called at all if the user is using Google
        -: 6600:    // Test with another testing framework.
    #####: 6601:    PrintColorEncoded(kColorEncodedHelpMessage);
    %%%%%: 6601-block  0
call    0 never executed
        -: 6602:  }
    #####: 6603:}
    %%%%%: 6603-block  0
------------------
_ZN7testing8internal28ParseGoogleTestFlagsOnlyImplIcEEvPiPPT_:
function _ZN7testing8internal28ParseGoogleTestFlagsOnlyImplIcEEvPiPPT_ called 1 returned 100% blocks executed 45%
        1: 6554:void ParseGoogleTestFlagsOnlyImpl(int* argc, CharType** argv) {
        3: 6555:  for (int i = 1; i < *argc; i++) {
        1: 6555-block  0
        2: 6555-block  1
call    0 returned 2
        3: 6555-block  2
branch  1 taken 2
branch  2 taken 1 (fallthrough)
    $$$$$: 6555-block  3
call    3 never executed
        2: 6556:    const std::string arg_string = StreamableToString(argv[i]);
        2: 6556-block  0
call    0 returned 2
branch  1 taken 2 (fallthrough)
branch  2 taken 0 (throw)
        2: 6557:    const char* const arg = arg_string.c_str();
        2: 6557-block  0
call    0 returned 2
        -: 6558:
        -: 6559:    using internal::ParseBoolFlag;
        -: 6560:    using internal::ParseInt32Flag;
        -: 6561:    using internal::ParseStringFlag;
        -: 6562:
        2: 6563:    bool remove_flag = false;
        2: 6564:    if (ParseGoogleTestFlag(arg)) {
call    0 returned 2
branch  1 taken 2 (fallthrough)
branch  2 taken 0 (throw)
        2: 6564-block  0
branch  3 taken 2 (fallthrough)
branch  4 taken 0
        2: 6565:      remove_flag = true;
        2: 6565-block  0
        -: 6566:#if GTEST_USE_OWN_FLAGFILE_FLAG_
    #####: 6567:    } else if (ParseStringFlag(arg, kFlagfileFlag, &GTEST_FLAG(flagfile))) {
    %%%%%: 6567-block  0
call    0 never executed
branch  1 never executed
branch  2 never executed
    %%%%%: 6567-block  1
branch  3 never executed
branch  4 never executed
    #####: 6568:      LoadFlagsFromFile(GTEST_FLAG(flagfile));
    %%%%%: 6568-block  0
call    0 never executed
branch  1 never executed
branch  2 never executed
    #####: 6569:      remove_flag = true;
    %%%%%: 6569-block  0
        -: 6570:#endif  // GTEST_USE_OWN_FLAGFILE_FLAG_
    #####: 6571:    } else if (arg_string == "--help" || arg_string == "-h" ||
    %%%%%: 6571-block  0
call    0 never executed
    %%%%%: 6571-block  1
call    1 never executed
branch  2 never executed
branch  3 never executed
branch  4 never executed
branch  5 never executed
    #####: 6572:               arg_string == "-?" || arg_string == "/?" ||
branch  0 never executed
branch  1 never executed
    %%%%%: 6572-block  0
call    2 never executed
    %%%%%: 6572-block  1
call    3 never executed
branch  4 never executed
branch  5 never executed
branch  6 never executed
branch  7 never executed
    %%%%%: 6572-block  2
    %%%%%: 6572-block  3
    %%%%%: 6572-block  4
branch  8 never executed
branch  9 never executed
    #####: 6573:               HasGoogleTestFlagPrefix(arg)) {
    %%%%%: 6573-block  0
call    0 never executed
        -: 6574:      // Both help flag and unrecognized Google Test flags (excluding
        -: 6575:      // internal ones) trigger help display.
    #####: 6576:      g_help_flag = true;
    %%%%%: 6576-block  0
        -: 6577:    }
        -: 6578:
        2: 6579:    if (remove_flag) {
        2: 6579-block  0
branch  0 taken 2 (fallthrough)
branch  1 taken 0
        -: 6580:      // Shift the remainder of the argv list left by one.  Note
        -: 6581:      // that argv has (*argc + 1) elements, the last one always being
        -: 6582:      // NULL.  The following loop moves the trailing NULL element as
        -: 6583:      // well.
        5: 6584:      for (int j = i; j != *argc; j++) {
        2: 6584-block  0
        5: 6584-block  1
branch  0 taken 3
branch  1 taken 2 (fallthrough)
        3: 6585:        argv[j] = argv[j + 1];
        3: 6585-block  0
        -: 6586:      }
        -: 6587:
        -: 6588:      // Decrements the argument count.
        2: 6589:      (*argc)--;
        -: 6590:
        -: 6591:      // We also need to decrement the iterator as we just removed
        -: 6592:      // an element.
        2: 6593:      i--;
        2: 6593-block  0
        -: 6594:    }
        -: 6595:  }
        -: 6596:
        1: 6597:  if (g_help_flag) {
        1: 6597-block  0
branch  0 taken 0 (fallthrough)
branch  1 taken 1
        -: 6598:    // We print the help here instead of in RUN_ALL_TESTS(), as the
        -: 6599:    // latter may not be called at all if the user is using Google
        -: 6600:    // Test with another testing framework.
    #####: 6601:    PrintColorEncoded(kColorEncodedHelpMessage);
    %%%%%: 6601-block  0
call    0 never executed
        -: 6602:  }
        1: 6603:}
        1: 6603-block  0
------------------
        -: 6604:
        -: 6605:// Parses the command line for Google Test flags, without initializing
        -: 6606:// other parts of Google Test.
function _ZN7testing8internal24ParseGoogleTestFlagsOnlyEPiPPc called 1 returned 100% blocks executed 100%
        1: 6607:void ParseGoogleTestFlagsOnly(int* argc, char** argv) {
        1: 6608:  ParseGoogleTestFlagsOnlyImpl(argc, argv);
        1: 6608-block  0
call    0 returned 1
        -: 6609:
        -: 6610:  // Fix the value of *_NSGetArgc() on macOS, but if and only if
        -: 6611:  // *_NSGetArgv() == argv
        -: 6612:  // Only applicable to char** version of argv
        -: 6613:#if GTEST_OS_MAC
        -: 6614:#ifndef GTEST_OS_IOS
        -: 6615:  if (*_NSGetArgv() == argv) {
        -: 6616:    *_NSGetArgc() = *argc;
        -: 6617:  }
        -: 6618:#endif
        -: 6619:#endif
        1: 6620:}
function _ZN7testing8internal24ParseGoogleTestFlagsOnlyEPiPPw called 0 returned 0% blocks executed 0%
    #####: 6621:void ParseGoogleTestFlagsOnly(int* argc, wchar_t** argv) {
    #####: 6622:  ParseGoogleTestFlagsOnlyImpl(argc, argv);
    %%%%%: 6622-block  0
call    0 never executed
    #####: 6623:}
        -: 6624:
        -: 6625:// The internal implementation of InitGoogleTest().
        -: 6626://
        -: 6627:// The type parameter CharType can be instantiated to either char or
        -: 6628:// wchar_t.
        -: 6629:template <typename CharType>
       1*: 6630:void InitGoogleTestImpl(int* argc, CharType** argv) {
        -: 6631:  // We don't want to run the initialization code twice.
       1*: 6632:  if (GTestIsInitialized()) return;
        -: 6633:
       1*: 6634:  if (*argc <= 0) return;
        -: 6635:
       1*: 6636:  g_argvs.clear();
       4*: 6637:  for (int i = 0; i != *argc; i++) {
       3*: 6638:    g_argvs.push_back(StreamableToString(argv[i]));
        -: 6639:  }
        -: 6640:
        -: 6641:#if GTEST_HAS_ABSL
        -: 6642:  absl::InitializeSymbolizer(g_argvs[0].c_str());
        -: 6643:#endif  // GTEST_HAS_ABSL
        -: 6644:
       1*: 6645:  ParseGoogleTestFlagsOnly(argc, argv);
       1*: 6646:  GetUnitTestImpl()->PostFlagParsingInit();
        -: 6647:}
------------------
_ZN7testing8internal18InitGoogleTestImplIwEEvPiPPT_:
function _ZN7testing8internal18InitGoogleTestImplIwEEvPiPPT_ called 0 returned 0% blocks executed 0%
    #####: 6630:void InitGoogleTestImpl(int* argc, CharType** argv) {
        -: 6631:  // We don't want to run the initialization code twice.
    #####: 6632:  if (GTestIsInitialized()) return;
    %%%%%: 6632-block  0
call    0 never executed
branch  1 never executed
branch  2 never executed
    %%%%%: 6632-block  1
        -: 6633:
    #####: 6634:  if (*argc <= 0) return;
    %%%%%: 6634-block  0
branch  0 never executed
branch  1 never executed
    %%%%%: 6634-block  1
        -: 6635:
    #####: 6636:  g_argvs.clear();
    %%%%%: 6636-block  0
call    0 never executed
    #####: 6637:  for (int i = 0; i != *argc; i++) {
    %%%%%: 6637-block  0
branch  0 never executed
branch  1 never executed
    #####: 6638:    g_argvs.push_back(StreamableToString(argv[i]));
    %%%%%: 6638-block  0
call    0 never executed
call    1 never executed
branch  2 never executed
branch  3 never executed
    %%%%%: 6638-block  1
call    4 never executed
    $$$$$: 6638-block  2
call    5 never executed
        -: 6639:  }
        -: 6640:
        -: 6641:#if GTEST_HAS_ABSL
        -: 6642:  absl::InitializeSymbolizer(g_argvs[0].c_str());
        -: 6643:#endif  // GTEST_HAS_ABSL
        -: 6644:
    #####: 6645:  ParseGoogleTestFlagsOnly(argc, argv);
    %%%%%: 6645-block  0
call    0 never executed
    #####: 6646:  GetUnitTestImpl()->PostFlagParsingInit();
call    0 never executed
call    1 never executed
        -: 6647:}
------------------
_ZN7testing8internal18InitGoogleTestImplIcEEvPiPPT_:
function _ZN7testing8internal18InitGoogleTestImplIcEEvPiPPT_ called 1 returned 100% blocks executed 79%
        1: 6630:void InitGoogleTestImpl(int* argc, CharType** argv) {
        -: 6631:  // We don't want to run the initialization code twice.
       1*: 6632:  if (GTestIsInitialized()) return;
        1: 6632-block  0
call    0 returned 1
branch  1 taken 0 (fallthrough)
branch  2 taken 1
    %%%%%: 6632-block  1
        -: 6633:
       1*: 6634:  if (*argc <= 0) return;
        1: 6634-block  0
branch  0 taken 0 (fallthrough)
branch  1 taken 1
    %%%%%: 6634-block  1
        -: 6635:
        1: 6636:  g_argvs.clear();
        1: 6636-block  0
call    0 returned 1
        4: 6637:  for (int i = 0; i != *argc; i++) {
        4: 6637-block  0
branch  0 taken 3
branch  1 taken 1 (fallthrough)
        3: 6638:    g_argvs.push_back(StreamableToString(argv[i]));
        3: 6638-block  0
call    0 returned 3
call    1 returned 3
branch  2 taken 3 (fallthrough)
branch  3 taken 0 (throw)
        3: 6638-block  1
call    4 returned 3
    $$$$$: 6638-block  2
call    5 never executed
        -: 6639:  }
        -: 6640:
        -: 6641:#if GTEST_HAS_ABSL
        -: 6642:  absl::InitializeSymbolizer(g_argvs[0].c_str());
        -: 6643:#endif  // GTEST_HAS_ABSL
        -: 6644:
        1: 6645:  ParseGoogleTestFlagsOnly(argc, argv);
        1: 6645-block  0
call    0 returned 1
        1: 6646:  GetUnitTestImpl()->PostFlagParsingInit();
call    0 returned 1
call    1 returned 1
        -: 6647:}
------------------
        -: 6648:
        -: 6649:}  // namespace internal
        -: 6650:
        -: 6651:// Initializes Google Test.  This must be called before calling
        -: 6652:// RUN_ALL_TESTS().  In particular, it parses a command line for the
        -: 6653:// flags that Google Test recognizes.  Whenever a Google Test flag is
        -: 6654:// seen, it is removed from argv, and *argc is decremented.
        -: 6655://
        -: 6656:// No value is returned.  Instead, the Google Test flag variables are
        -: 6657:// updated.
        -: 6658://
        -: 6659:// Calling the function for the second time has no user-visible effect.
function _ZN7testing14InitGoogleTestEPiPPc called 1 returned 100% blocks executed 100%
        1: 6660:void InitGoogleTest(int* argc, char** argv) {
        -: 6661:#if defined(GTEST_CUSTOM_INIT_GOOGLE_TEST_FUNCTION_)
        -: 6662:  GTEST_CUSTOM_INIT_GOOGLE_TEST_FUNCTION_(argc, argv);
        -: 6663:#else  // defined(GTEST_CUSTOM_INIT_GOOGLE_TEST_FUNCTION_)
        1: 6664:  internal::InitGoogleTestImpl(argc, argv);
        1: 6664-block  0
call    0 returned 1
        -: 6665:#endif  // defined(GTEST_CUSTOM_INIT_GOOGLE_TEST_FUNCTION_)
        1: 6666:}
        -: 6667:
        -: 6668:// This overloaded version can be used in Windows programs compiled in
        -: 6669:// UNICODE mode.
function _ZN7testing14InitGoogleTestEPiPPw called 0 returned 0% blocks executed 0%
    #####: 6670:void InitGoogleTest(int* argc, wchar_t** argv) {
        -: 6671:#if defined(GTEST_CUSTOM_INIT_GOOGLE_TEST_FUNCTION_)
        -: 6672:  GTEST_CUSTOM_INIT_GOOGLE_TEST_FUNCTION_(argc, argv);
        -: 6673:#else  // defined(GTEST_CUSTOM_INIT_GOOGLE_TEST_FUNCTION_)
    #####: 6674:  internal::InitGoogleTestImpl(argc, argv);
    %%%%%: 6674-block  0
call    0 never executed
        -: 6675:#endif  // defined(GTEST_CUSTOM_INIT_GOOGLE_TEST_FUNCTION_)
    #####: 6676:}
        -: 6677:
        -: 6678:// This overloaded version can be used on Arduino/embedded platforms where
        -: 6679:// there is no argc/argv.
function _ZN7testing14InitGoogleTestEv called 0 returned 0% blocks executed 0%
    #####: 6680:void InitGoogleTest() {
        -: 6681:  // Since Arduino doesn't have a command line, fake out the argc/argv arguments
    #####: 6682:  int argc = 1;
    #####: 6683:  const auto arg0 = "dummy";
    #####: 6684:  char* argv0 = const_cast<char*>(arg0);
    #####: 6685:  char** argv = &argv0;
        -: 6686:
        -: 6687:#if defined(GTEST_CUSTOM_INIT_GOOGLE_TEST_FUNCTION_)
        -: 6688:  GTEST_CUSTOM_INIT_GOOGLE_TEST_FUNCTION_(&argc, argv);
        -: 6689:#else  // defined(GTEST_CUSTOM_INIT_GOOGLE_TEST_FUNCTION_)
    #####: 6690:  internal::InitGoogleTestImpl(&argc, argv);
    %%%%%: 6690-block  0
call    0 never executed
branch  1 never executed
branch  2 never executed
        -: 6691:#endif  // defined(GTEST_CUSTOM_INIT_GOOGLE_TEST_FUNCTION_)
    #####: 6692:}
    %%%%%: 6692-block  0
        -: 6693:
function _ZN7testing7TempDirB5cxx11Ev called 0 returned 0% blocks executed 0%
    #####: 6694:std::string TempDir() {
        -: 6695:#if defined(GTEST_CUSTOM_TEMPDIR_FUNCTION_)
        -: 6696:  return GTEST_CUSTOM_TEMPDIR_FUNCTION_();
        -: 6697:#elif GTEST_OS_WINDOWS_MOBILE
        -: 6698:  return "\\temp\\";
        -: 6699:#elif GTEST_OS_WINDOWS
        -: 6700:  const char* temp_dir = internal::posix::GetEnv("TEMP");
        -: 6701:  if (temp_dir == nullptr || temp_dir[0] == '\0') {
        -: 6702:    return "\\temp\\";
        -: 6703:  } else if (temp_dir[strlen(temp_dir) - 1] == '\\') {
        -: 6704:    return temp_dir;
        -: 6705:  } else {
        -: 6706:    return std::string(temp_dir) + "\\";
        -: 6707:  }
        -: 6708:#elif GTEST_OS_LINUX_ANDROID
        -: 6709:  const char* temp_dir = internal::posix::GetEnv("TEST_TMPDIR");
        -: 6710:  if (temp_dir == nullptr || temp_dir[0] == '\0') {
        -: 6711:    return "/data/local/tmp/";
        -: 6712:  } else {
        -: 6713:    return temp_dir;
        -: 6714:  }
        -: 6715:#elif GTEST_OS_LINUX
    #####: 6716:  const char* temp_dir = internal::posix::GetEnv("TEST_TMPDIR");
    %%%%%: 6716-block  0
call    0 never executed
    #####: 6717:  if (temp_dir == nullptr || temp_dir[0] == '\0') {
branch  0 never executed
branch  1 never executed
    %%%%%: 6717-block  0
branch  2 never executed
branch  3 never executed
    #####: 6718:    return "/tmp/";
    %%%%%: 6718-block  0
call    0 never executed
call    1 never executed
branch  2 never executed
branch  3 never executed
    %%%%%: 6718-block  1
call    4 never executed
    $$$$$: 6718-block  2
call    5 never executed
    $$$$$: 6718-block  3
        -: 6719:  } else {
    #####: 6720:    return temp_dir;
    %%%%%: 6720-block  0
call    0 never executed
call    1 never executed
branch  2 never executed
branch  3 never executed
    %%%%%: 6720-block  1
call    4 never executed
    $$$$$: 6720-block  2
call    5 never executed
    $$$$$: 6720-block  3
        -: 6721:  }
        -: 6722:#else
        -: 6723:  return "/tmp/";
        -: 6724:#endif  // GTEST_OS_WINDOWS_MOBILE
        -: 6725:}
        -: 6726:
        -: 6727:// Class ScopedTrace
        -: 6728:
        -: 6729:// Pushes the given source file location and message onto a per-thread
        -: 6730:// trace stack maintained by Google Test.
function _ZN7testing11ScopedTrace9PushTraceEPKciNSt7__cxx1112basic_stringIcSt11char_traitsIcESaIcEEE called 0 returned 0% blocks executed 0%
    #####: 6731:void ScopedTrace::PushTrace(const char* file, int line, std::string message) {
    #####: 6732:  internal::TraceInfo trace;
    %%%%%: 6732-block  0
call    0 never executed
    #####: 6733:  trace.file = file;
    #####: 6734:  trace.line = line;
    #####: 6735:  trace.message.swap(message);
call    0 never executed
        -: 6736:
    #####: 6737:  UnitTest::GetInstance()->PushGTestTrace(trace);
call    0 never executed
branch  1 never executed
branch  2 never executed
    %%%%%: 6737-block  0
call    3 never executed
branch  4 never executed
branch  5 never executed
    #####: 6738:}
    %%%%%: 6738-block  0
call    0 never executed
    $$$$$: 6738-block  1
call    1 never executed
        -: 6739:
        -: 6740:// Pops the info pushed by the c'tor.
function _ZN7testing11ScopedTraceD2Ev called 0 returned 0% blocks executed 0%
    #####: 6741:ScopedTrace::~ScopedTrace()
        -: 6742:    GTEST_LOCK_EXCLUDED_(&UnitTest::mutex_) {
    #####: 6743:  UnitTest::GetInstance()->PopGTestTrace();
    %%%%%: 6743-block  0
call    0 never executed
call    1 never executed
    #####: 6744:}
        -: 6745:
        -: 6746:}  // namespace testing
