        -:    0:Source:/home/gabrielwolf/Documents/Extraclase-II/Testing-Server-Datos-II/main.cpp
        -:    0:Graph:/home/gabrielwolf/Documents/Extraclase-II/Testing-Server-Datos-II/cmake-build-debug/CMakeFiles/test_tuto.dir/main.cpp.gcno
        -:    0:Data:/home/gabrielwolf/Documents/Extraclase-II/Testing-Server-Datos-II/cmake-build-debug/CMakeFiles/test_tuto.dir/main.cpp.gcda
        -:    0:Runs:1
        -:    1:#include <iostream>
        -:    2:#include <gtest/gtest.h>
        -:    3:#include <gmock/gmock.h>
        -:    4:#include "serverMethods.cpp"
        -:    5:
        -:    6:
        -:    7:using namespace std;
        -:    8:
        -:    9:
        -:   10:const Mat image = imread("/home/gabrielwolf/Documents/Extraclase-II/Testing-Server-Datos-II/stitchTry.png",IMREAD_COLOR);
        -:   11:
        -:   12:
        -:   13://clase funciones: contiene los metodos usados en el server
        -:   14:class funciones{
        -:   15:public:
function _ZN9funciones13segmentImage_ERKN2cv3MatEiRSt6vectorIS1_SaIS1_EE called 1 returned 100% blocks executed 100%
        1:   16:    bool segmentImage_(const Mat& img,const int blockWidth, vector<cv::Mat>& blocks){
        1:   17:        Segment_image(img, blockWidth, blocks);
        1:   17-block  0
call    0 returned 1
        1:   18:        return 1;
        -:   19:    }
        -:   20:};
        -:   21:
        -:   22:class applySegmenting{
        -:   23:public:
function _ZN15applySegmenting17get_SegmentImage_ER9funcionesRKN2cv3MatEiRSt6vectorIS3_SaIS3_EE called 1 returned 100% blocks executed 83%
        1:   24:    bool get_SegmentImage_(funciones& funcion1,const Mat& img,const int blockWidth, vector<cv::Mat>& blocks){
        1:   25:        if(!(image.empty())){
        1:   25-block  0
call    0 returned 1
branch  1 taken 1 (fallthrough)
branch  2 taken 0
        1:   26:            funcion1.segmentImage_(img,blockWidth,blocks);
        1:   26-block  0
call    0 returned 1
        1:   27:            return true;
        -:   28:        }else{
    #####:   29:            return false;
    %%%%%:   29-block  0
        -:   30:        }
        -:   31:    }
        -:   32:};
        -:   33:class applyFilters{
        -:   34:public:
function _ZN12applyFilters14get_gray_scaleER15ImageProcessing called 1 returned 100% blocks executed 83%
        1:   35:    bool get_gray_scale(ImageProcessing& funcion2){
        1:   36:        if(!(image.empty())){
        1:   36-block  0
call    0 returned 1
branch  1 taken 1 (fallthrough)
branch  2 taken 0
        1:   37:            funcion2.gray_scale();
        1:   37-block  0
call    0 returned 1
        1:   38:            return true;
        -:   39:        }else{
    #####:   40:            return false;
    %%%%%:   40-block  0
        -:   41:        }
        -:   42:    }
        -:   43:};
        -:   44:
        -:   45:class applyFilters2{
        -:   46:public:
function _ZN13applyFilters217get_gaussian_blurER15ImageProcessing called 1 returned 100% blocks executed 83%
        1:   47:    bool get_gaussian_blur(ImageProcessing& funcion3){
        1:   48:        if(!(image.empty())){
        1:   48-block  0
call    0 returned 1
branch  1 taken 1 (fallthrough)
branch  2 taken 0
        1:   49:            funcion3.gaussian_blur();
        1:   49-block  0
call    0 returned 1
        1:   50:            return true;
        -:   51:        }else{
    #####:   52:            return false;
    %%%%%:   52-block  0
        -:   53:        }
        -:   54:    }
        -:   55:};
        -:   56:
        -:   57:
        -:   58://Crear un TEST para el mockObject "mockSegmentingImg"
        -:   59:class MockSegmentingImg: public funciones{
        -:   60:public:
        -:   61:    MOCK_METHOD(bool,segmentImage_,(const Mat& img,const int blockWidth, vector<cv::Mat>& blocks));
        -:   62:};
        -:   63:
        -:   64:class MockFilterGray: public ImageProcessing{
        -:   65:public:
        -:   66:    MOCK_METHOD(bool,gray_scale,(Mat *_source, Mat *_destiny));
        -:   67:};
        -:   68:
        -:   69:class MockFilterGaussian: public ImageProcessing{
        -:   70:public:
        -:   71:    MOCK_METHOD(bool,gaussian_blur,(Mat *_source, Mat *_destiny));
        -:   72:};
        -:   73:
        4:   74:TEST(PruebaSegmentar,Prueba1){
        1:   75:    vector<Mat> blocks;
        1:   76:    MockSegmentingImg mockSegmentingImg;
        -:   77:    applySegmenting Segment_image;
       1*:   78:    EXPECT_TRUE(Segment_image.get_SegmentImage_(mockSegmentingImg,image,65,blocks));
        1:   79:}
------------------
_ZN28PruebaSegmentar_Prueba1_TestC2Ev:
function _ZN28PruebaSegmentar_Prueba1_TestC2Ev called 1 returned 100% blocks executed 100%
        1:   74:TEST(PruebaSegmentar,Prueba1){
        1:   74-block  0
call    0 returned 1
------------------
_ZN28PruebaSegmentar_Prueba1_TestD0Ev:
function _ZN28PruebaSegmentar_Prueba1_TestD0Ev called 1 returned 100% blocks executed 100%
        1:   74:TEST(PruebaSegmentar,Prueba1){
        1:   74-block  0
call    0 returned 1
call    1 returned 1
------------------
_ZN28PruebaSegmentar_Prueba1_TestD2Ev:
function _ZN28PruebaSegmentar_Prueba1_TestD2Ev called 1 returned 100% blocks executed 100%
        1:   74:TEST(PruebaSegmentar,Prueba1){
        1:   74-block  0
call    0 returned 1
------------------
_ZN28PruebaSegmentar_Prueba1_Test8TestBodyEv:
function _ZN28PruebaSegmentar_Prueba1_Test8TestBodyEv called 1 returned 100% blocks executed 31%
        1:   74:TEST(PruebaSegmentar,Prueba1){
        1:   75:    vector<Mat> blocks;
        1:   75-block  0
call    0 returned 1
        1:   76:    MockSegmentingImg mockSegmentingImg;
call    0 returned 1
branch  1 taken 1 (fallthrough)
branch  2 taken 0 (throw)
        -:   77:    applySegmenting Segment_image;
       1*:   78:    EXPECT_TRUE(Segment_image.get_SegmentImage_(mockSegmentingImg,image,65,blocks));
        1:   78-block  0
call    0 returned 1
branch  1 taken 1 (fallthrough)
branch  2 taken 0 (throw)
        1:   78-block  1
call    3 returned 1
call    4 returned 1
branch  5 taken 0 (fallthrough)
branch  6 taken 1
    %%%%%:   78-block  2
call    7 never executed
branch  8 never executed
branch  9 never executed
    %%%%%:   78-block  3
call   10 never executed
branch 11 never executed
branch 12 never executed
    %%%%%:   78-block  4
call   13 never executed
call   14 never executed
branch 15 never executed
branch 16 never executed
    %%%%%:   78-block  5
call   17 never executed
branch 18 never executed
branch 19 never executed
    %%%%%:   78-block  6
call   20 never executed
call   21 never executed
call   22 never executed
        1:   78-block  7
call   23 returned 1
    $$$$$:   78-block  8
call   24 never executed
    $$$$$:   78-block  9
    $$$$$:   78-block 10
call   25 never executed
    $$$$$:   78-block 11
    $$$$$:   78-block 12
call   26 never executed
    $$$$$:   78-block 13
    $$$$$:   78-block 14
call   27 never executed
        1:   79:}
call    0 returned 1
call    1 returned 1
    $$$$$:   79-block  0
call    2 never executed
    $$$$$:   79-block  1
call    3 never executed
------------------
        -:   80:
        4:   81:TEST(PruebaFiltroGray,Prueba2){
        1:   82:    vector<Mat> blocksGray;
        1:   83:    MockFilterGray mockFilterGray;
        -:   84:    applyFilters grayImg;
       1*:   85:    EXPECT_TRUE(grayImg.get_gray_scale(mockFilterGray));
        1:   86:}
------------------
_ZN29PruebaFiltroGray_Prueba2_TestC2Ev:
function _ZN29PruebaFiltroGray_Prueba2_TestC2Ev called 1 returned 100% blocks executed 100%
        1:   81:TEST(PruebaFiltroGray,Prueba2){
        1:   81-block  0
call    0 returned 1
------------------
_ZN29PruebaFiltroGray_Prueba2_TestD0Ev:
function _ZN29PruebaFiltroGray_Prueba2_TestD0Ev called 1 returned 100% blocks executed 100%
        1:   81:TEST(PruebaFiltroGray,Prueba2){
        1:   81-block  0
call    0 returned 1
call    1 returned 1
------------------
_ZN29PruebaFiltroGray_Prueba2_TestD2Ev:
function _ZN29PruebaFiltroGray_Prueba2_TestD2Ev called 1 returned 100% blocks executed 100%
        1:   81:TEST(PruebaFiltroGray,Prueba2){
        1:   81-block  0
call    0 returned 1
------------------
_ZN29PruebaFiltroGray_Prueba2_Test8TestBodyEv:
function _ZN29PruebaFiltroGray_Prueba2_Test8TestBodyEv called 1 returned 100% blocks executed 31%
        1:   81:TEST(PruebaFiltroGray,Prueba2){
        1:   82:    vector<Mat> blocksGray;
        1:   82-block  0
call    0 returned 1
        1:   83:    MockFilterGray mockFilterGray;
call    0 returned 1
branch  1 taken 1 (fallthrough)
branch  2 taken 0 (throw)
        -:   84:    applyFilters grayImg;
       1*:   85:    EXPECT_TRUE(grayImg.get_gray_scale(mockFilterGray));
        1:   85-block  0
call    0 returned 1
branch  1 taken 1 (fallthrough)
branch  2 taken 0 (throw)
        1:   85-block  1
call    3 returned 1
call    4 returned 1
branch  5 taken 0 (fallthrough)
branch  6 taken 1
    %%%%%:   85-block  2
call    7 never executed
branch  8 never executed
branch  9 never executed
    %%%%%:   85-block  3
call   10 never executed
branch 11 never executed
branch 12 never executed
    %%%%%:   85-block  4
call   13 never executed
call   14 never executed
branch 15 never executed
branch 16 never executed
    %%%%%:   85-block  5
call   17 never executed
branch 18 never executed
branch 19 never executed
    %%%%%:   85-block  6
call   20 never executed
call   21 never executed
call   22 never executed
        1:   85-block  7
call   23 returned 1
    $$$$$:   85-block  8
call   24 never executed
    $$$$$:   85-block  9
    $$$$$:   85-block 10
call   25 never executed
    $$$$$:   85-block 11
    $$$$$:   85-block 12
call   26 never executed
    $$$$$:   85-block 13
    $$$$$:   85-block 14
call   27 never executed
        1:   86:}
call    0 returned 1
call    1 returned 1
    $$$$$:   86-block  0
call    2 never executed
    $$$$$:   86-block  1
call    3 never executed
------------------
        -:   87:
        4:   88:TEST(PruebaFiltroGaussian,Prueba3){
        1:   89:    vector<Mat> blocksGaussian;
        1:   90:    MockFilterGaussian mockFilterGaussian;
        -:   91:    applyFilters2 gaussianImg;
       1*:   92:    EXPECT_TRUE(gaussianImg.get_gaussian_blur(mockFilterGaussian));
        1:   93:}
------------------
_ZN33PruebaFiltroGaussian_Prueba3_TestC2Ev:
function _ZN33PruebaFiltroGaussian_Prueba3_TestC2Ev called 1 returned 100% blocks executed 100%
        1:   88:TEST(PruebaFiltroGaussian,Prueba3){
        1:   88-block  0
call    0 returned 1
------------------
_ZN33PruebaFiltroGaussian_Prueba3_TestD0Ev:
function _ZN33PruebaFiltroGaussian_Prueba3_TestD0Ev called 1 returned 100% blocks executed 100%
        1:   88:TEST(PruebaFiltroGaussian,Prueba3){
        1:   88-block  0
call    0 returned 1
call    1 returned 1
------------------
_ZN33PruebaFiltroGaussian_Prueba3_TestD2Ev:
function _ZN33PruebaFiltroGaussian_Prueba3_TestD2Ev called 1 returned 100% blocks executed 100%
        1:   88:TEST(PruebaFiltroGaussian,Prueba3){
        1:   88-block  0
call    0 returned 1
------------------
_ZN33PruebaFiltroGaussian_Prueba3_Test8TestBodyEv:
function _ZN33PruebaFiltroGaussian_Prueba3_Test8TestBodyEv called 1 returned 100% blocks executed 31%
        1:   88:TEST(PruebaFiltroGaussian,Prueba3){
        1:   89:    vector<Mat> blocksGaussian;
        1:   89-block  0
call    0 returned 1
        1:   90:    MockFilterGaussian mockFilterGaussian;
call    0 returned 1
branch  1 taken 1 (fallthrough)
branch  2 taken 0 (throw)
        -:   91:    applyFilters2 gaussianImg;
       1*:   92:    EXPECT_TRUE(gaussianImg.get_gaussian_blur(mockFilterGaussian));
        1:   92-block  0
call    0 returned 1
branch  1 taken 1 (fallthrough)
branch  2 taken 0 (throw)
        1:   92-block  1
call    3 returned 1
call    4 returned 1
branch  5 taken 0 (fallthrough)
branch  6 taken 1
    %%%%%:   92-block  2
call    7 never executed
branch  8 never executed
branch  9 never executed
    %%%%%:   92-block  3
call   10 never executed
branch 11 never executed
branch 12 never executed
    %%%%%:   92-block  4
call   13 never executed
call   14 never executed
branch 15 never executed
branch 16 never executed
    %%%%%:   92-block  5
call   17 never executed
branch 18 never executed
branch 19 never executed
    %%%%%:   92-block  6
call   20 never executed
call   21 never executed
call   22 never executed
        1:   92-block  7
call   23 returned 1
    $$$$$:   92-block  8
call   24 never executed
    $$$$$:   92-block  9
    $$$$$:   92-block 10
call   25 never executed
    $$$$$:   92-block 11
    $$$$$:   92-block 12
call   26 never executed
    $$$$$:   92-block 13
    $$$$$:   92-block 14
call   27 never executed
        1:   93:}
call    0 returned 1
call    1 returned 1
    $$$$$:   93-block  0
call    2 never executed
    $$$$$:   93-block  1
call    3 never executed
------------------
        -:   94:
        -:   95:/**
        -:   96: * @param argc
        -:   97: * @param argv
        -:   98: * @return
        -:   99: */
        -:  100:
function main called 1 returned 100% blocks executed 100%
        1:  101:int main(int argc, char *argv[]) {
        -:  102:
        1:  103:    testing::InitGoogleTest(&argc, argv);
        1:  103-block  0
call    0 returned 1
        1:  104:    return RUN_ALL_TESTS();
call    0 returned 1
        -:  105:}
        -:  106:
